{"/Users/shintaro/jhip-react/src/main/webapp/app/config/axios-interceptor.ts": {"path":"/Users/shintaro/jhip-react/src/main/webapp/app/config/axios-interceptor.ts","statementMap":{"0":{"start":{"line":1,"column":0},"end":{"line":1,"column":26}},"1":{"start":{"line":2,"column":0},"end":{"line":2,"column":54}},"2":{"start":{"line":4,"column":0},"end":{"line":4,"column":54}},"3":{"start":{"line":6,"column":16},"end":{"line":6,"column":29}},"4":{"start":{"line":7,"column":0},"end":{"line":7,"column":33}},"5":{"start":{"line":8,"column":0},"end":{"line":8,"column":40}},"6":{"start":{"line":10,"column":31},"end":{"line":28,"column":1}},"7":{"start":{"line":11,"column":27},"end":{"line":17,"column":3}},"8":{"start":{"line":12,"column":18},"end":{"line":12,"column":112}},"9":{"start":{"line":13,"column":4},"end":{"line":15,"column":null}},"10":{"start":{"line":14,"column":6},"end":{"line":14,"column":55}},"11":{"start":{"line":16,"column":4},"end":{"line":16,"column":18}},"12":{"start":{"line":18,"column":28},"end":{"line":18,"column":48}},"13":{"start":{"line":18,"column":40},"end":{"line":18,"column":49}},"14":{"start":{"line":19,"column":26},"end":{"line":25,"column":3}},"15":{"start":{"line":20,"column":19},"end":{"line":20,"column":52}},"16":{"start":{"line":21,"column":4},"end":{"line":23,"column":null}},"17":{"start":{"line":22,"column":6},"end":{"line":22,"column":26}},"18":{"start":{"line":24,"column":4},"end":{"line":24,"column":31}},"19":{"start":{"line":26,"column":2},"end":{"line":26,"column":51}},"20":{"start":{"line":27,"column":2},"end":{"line":27,"column":70}},"21":{"start":{"line":30,"column":0},"end":{"line":30,"column":38}}},"fnMap":{"0":{"name":"(anonymous_0)","decl":{"start":{"line":10,"column":31},"end":{"line":10,"column":48}},"loc":{"start":{"line":10,"column":48},"end":{"line":28,"column":1}}},"1":{"name":"(anonymous_1)","decl":{"start":{"line":11,"column":27},"end":{"line":11,"column":33}},"loc":{"start":{"line":11,"column":33},"end":{"line":17,"column":3}}},"2":{"name":"(anonymous_2)","decl":{"start":{"line":18,"column":28},"end":{"line":18,"column":36}},"loc":{"start":{"line":18,"column":36},"end":{"line":18,"column":48}}},"3":{"name":"(anonymous_3)","decl":{"start":{"line":19,"column":26},"end":{"line":19,"column":29}},"loc":{"start":{"line":19,"column":29},"end":{"line":25,"column":3}}}},"branchMap":{"0":{"loc":{"start":{"line":12,"column":18},"end":{"line":12,"column":62}},"type":"binary-expr","locations":[{"start":{"line":12,"column":18},"end":{"line":12,"column":62}},{"start":{"line":12,"column":66},"end":{"line":12,"column":112}}]},"1":{"loc":{"start":{"line":13,"column":4},"end":{"line":15,"column":null}},"type":"if","locations":[{"start":{"line":13,"column":4},"end":{"line":15,"column":null}},{"start":{"line":13,"column":4},"end":{"line":15,"column":null}}]},"2":{"loc":{"start":{"line":20,"column":19},"end":{"line":20,"column":29}},"type":"binary-expr","locations":[{"start":{"line":20,"column":19},"end":{"line":20,"column":29}},{"start":{"line":20,"column":33},"end":{"line":20,"column":52}}]},"3":{"loc":{"start":{"line":21,"column":4},"end":{"line":23,"column":null}},"type":"if","locations":[{"start":{"line":21,"column":4},"end":{"line":23,"column":null}},{"start":{"line":21,"column":4},"end":{"line":23,"column":null}}]},"4":{"loc":{"start":{"line":21,"column":8},"end":{"line":21,"column":22}},"type":"binary-expr","locations":[{"start":{"line":21,"column":8},"end":{"line":21,"column":22}},{"start":{"line":21,"column":26},"end":{"line":21,"column":40}}]}},"s":{"0":1,"1":1,"2":1,"3":1,"4":1,"5":1,"6":1,"7":1,"8":1,"9":1,"10":0,"11":1,"12":1,"13":1,"14":1,"15":1,"16":1,"17":1,"18":1,"19":1,"20":1,"21":1},"f":{"0":1,"1":1,"2":1,"3":1},"b":{"0":[1,1],"1":[0,1],"2":[1,1],"3":[1,0],"4":[1,0]}}
,"/Users/shintaro/jhip-react/src/main/webapp/app/config/constants.ts": {"path":"/Users/shintaro/jhip-react/src/main/webapp/app/config/constants.ts","statementMap":{"0":{"start":{"line":1,"column":15},"end":{"line":3,"column":2}},"1":{"start":{"line":5,"column":0},"end":{"line":5,"column":22}},"2":{"start":{"line":7,"column":13},"end":{"line":7,"column":57}},"3":{"start":{"line":9,"column":13},"end":{"line":12,"column":2}},"4":{"start":{"line":14,"column":13},"end":{"line":16,"column":2}},"5":{"start":{"line":18,"column":13},"end":{"line":18,"column":48}},"6":{"start":{"line":19,"column":13},"end":{"line":19,"column":56}},"7":{"start":{"line":20,"column":13},"end":{"line":20,"column":50}},"8":{"start":{"line":21,"column":13},"end":{"line":21,"column":60}},"9":{"start":{"line":22,"column":13},"end":{"line":22,"column":64}},"10":{"start":{"line":23,"column":13},"end":{"line":23,"column":45}},"11":{"start":{"line":24,"column":13},"end":{"line":24,"column":67}}},"fnMap":{},"branchMap":{},"s":{"0":3,"1":3,"2":3,"3":3,"4":3,"5":3,"6":3,"7":3,"8":3,"9":3,"10":3,"11":3},"f":{},"b":{}}
,"/Users/shintaro/jhip-react/src/main/webapp/app/config/notification-middleware.ts": {"path":"/Users/shintaro/jhip-react/src/main/webapp/app/config/notification-middleware.ts","statementMap":{"0":{"start":{"line":1,"column":0},"end":{"line":1,"column":54}},"1":{"start":{"line":2,"column":0},"end":{"line":2,"column":39}},"2":{"start":{"line":4,"column":22},"end":{"line":7,"column":1}},"3":{"start":{"line":5,"column":2},"end":{"line":5,"column":28}},"4":{"start":{"line":6,"column":2},"end":{"line":6,"column":36}},"5":{"start":{"line":8,"column":0},"end":{"line":107,"column":2}},"6":{"start":{"line":8,"column":21},"end":{"line":107,"column":2}},"7":{"start":{"line":8,"column":29},"end":{"line":107,"column":2}},"8":{"start":{"line":10,"column":2},"end":{"line":12,"column":null}},"9":{"start":{"line":11,"column":4},"end":{"line":11,"column":24}},"10":{"start":{"line":19,"column":2},"end":{"line":106,"column":7}},"11":{"start":{"line":21,"column":6},"end":{"line":38,"column":null}},"12":{"start":{"line":22,"column":8},"end":{"line":22,"column":50}},"13":{"start":{"line":23,"column":13},"end":{"line":38,"column":null}},"14":{"start":{"line":24,"column":24},"end":{"line":24,"column":55}},"15":{"start":{"line":25,"column":28},"end":{"line":25,"column":32}},"16":{"start":{"line":26,"column":34},"end":{"line":26,"column":38}},"17":{"start":{"line":27,"column":8},"end":{"line":33,"column":11}},"18":{"start":{"line":27,"column":42},"end":{"line":27,"column":43}},"19":{"start":{"line":27,"column":45},"end":{"line":27,"column":46}},"20":{"start":{"line":28,"column":10},"end":{"line":32,"column":null}},"21":{"start":{"line":29,"column":12},"end":{"line":29,"column":22}},"22":{"start":{"line":30,"column":17},"end":{"line":32,"column":null}},"23":{"start":{"line":31,"column":12},"end":{"line":31,"column":28}},"24":{"start":{"line":34,"column":8},"end":{"line":37,"column":null}},"25":{"start":{"line":35,"column":29},"end":{"line":35,"column":40}},"26":{"start":{"line":36,"column":10},"end":{"line":36,"column":65}},"27":{"start":{"line":39,"column":6},"end":{"line":39,"column":39}},"28":{"start":{"line":42,"column":6},"end":{"line":104,"column":null}},"29":{"start":{"line":43,"column":8},"end":{"line":43,"column":46}},"30":{"start":{"line":44,"column":13},"end":{"line":104,"column":null}},"31":{"start":{"line":45,"column":25},"end":{"line":45,"column":39}},"32":{"start":{"line":46,"column":21},"end":{"line":46,"column":34}},"33":{"start":{"line":47,"column":8},"end":{"line":99,"column":null}},"34":{"start":{"line":48,"column":15},"end":{"line":48,"column":16}},"35":{"start":{"line":49,"column":10},"end":{"line":98,"column":null}},"36":{"start":{"line":52,"column":14},"end":{"line":52,"column":82}},"37":{"start":{"line":53,"column":14},"end":{"line":53,"column":20}},"38":{"start":{"line":56,"column":30},"end":{"line":56,"column":62}},"39":{"start":{"line":57,"column":32},"end":{"line":57,"column":36}},"40":{"start":{"line":58,"column":30},"end":{"line":58,"column":34}},"41":{"start":{"line":59,"column":14},"end":{"line":65,"column":17}},"42":{"start":{"line":59,"column":32},"end":{"line":59,"column":33}},"43":{"start":{"line":59,"column":35},"end":{"line":59,"column":36}},"44":{"start":{"line":60,"column":16},"end":{"line":64,"column":null}},"45":{"start":{"line":61,"column":18},"end":{"line":61,"column":34}},"46":{"start":{"line":62,"column":23},"end":{"line":64,"column":null}},"47":{"start":{"line":63,"column":18},"end":{"line":63,"column":32}},"48":{"start":{"line":66,"column":14},"end":{"line":85,"column":null}},"49":{"start":{"line":67,"column":35},"end":{"line":67,"column":81}},"50":{"start":{"line":68,"column":16},"end":{"line":68,"column":72}},"51":{"start":{"line":69,"column":21},"end":{"line":85,"column":null}},"52":{"start":{"line":70,"column":36},"end":{"line":70,"column":52}},"53":{"start":{"line":71,"column":16},"end":{"line":80,"column":null}},"54":{"start":{"line":72,"column":37},"end":{"line":72,"column":51}},"55":{"start":{"line":73,"column":18},"end":{"line":75,"column":null}},"56":{"start":{"line":74,"column":20},"end":{"line":74,"column":48}},"57":{"start":{"line":77,"column":41},"end":{"line":77,"column":83}},"58":{"start":{"line":78,"column":36},"end":{"line":78,"column":110}},"59":{"start":{"line":79,"column":18},"end":{"line":79,"column":111}},"60":{"start":{"line":81,"column":21},"end":{"line":85,"column":null}},"61":{"start":{"line":82,"column":16},"end":{"line":82,"column":71}},"62":{"start":{"line":84,"column":16},"end":{"line":84,"column":36}},"63":{"start":{"line":86,"column":14},"end":{"line":86,"column":20}},"64":{"start":{"line":89,"column":14},"end":{"line":89,"column":64}},"65":{"start":{"line":90,"column":14},"end":{"line":90,"column":20}},"66":{"start":{"line":93,"column":14},"end":{"line":97,"column":null}},"67":{"start":{"line":94,"column":16},"end":{"line":94,"column":44}},"68":{"start":{"line":96,"column":16},"end":{"line":96,"column":36}},"69":{"start":{"line":100,"column":13},"end":{"line":104,"column":null}},"70":{"start":{"line":101,"column":8},"end":{"line":101,"column":35}},"71":{"start":{"line":103,"column":8},"end":{"line":103,"column":38}},"72":{"start":{"line":105,"column":6},"end":{"line":105,"column":35}}},"fnMap":{"0":{"name":"(anonymous_0)","decl":{"start":{"line":4,"column":22},"end":{"line":4,"column":23}},"loc":{"start":{"line":4,"column":43},"end":{"line":7,"column":1}}},"1":{"name":"(anonymous_1)","decl":{"start":{"line":8,"column":15},"end":{"line":8,"column":21}},"loc":{"start":{"line":8,"column":15},"end":{"line":8,"column":25}}},"2":{"name":"(anonymous_2)","decl":{"start":{"line":8,"column":21},"end":{"line":8,"column":25}},"loc":{"start":{"line":8,"column":25},"end":{"line":8,"column":35}}},"3":{"name":"(anonymous_3)","decl":{"start":{"line":8,"column":29},"end":{"line":8,"column":35}},"loc":{"start":{"line":8,"column":35},"end":{"line":107,"column":1}}},"4":{"name":"(anonymous_4)","decl":{"start":{"line":20,"column":10},"end":{"line":20,"column":18}},"loc":{"start":{"line":20,"column":18},"end":{"line":40,"column":5}}},"5":{"name":"(anonymous_5)","decl":{"start":{"line":27,"column":40},"end":{"line":27,"column":41}},"loc":{"start":{"line":27,"column":65},"end":{"line":33,"column":9}}},"6":{"name":"(anonymous_6)","decl":{"start":{"line":41,"column":11},"end":{"line":41,"column":16}},"loc":{"start":{"line":41,"column":16},"end":{"line":106,"column":5}}},"7":{"name":"(anonymous_7)","decl":{"start":{"line":59,"column":30},"end":{"line":59,"column":31}},"loc":{"start":{"line":59,"column":55},"end":{"line":65,"column":15}}}},"branchMap":{"0":{"loc":{"start":{"line":5,"column":14},"end":{"line":5,"column":17}},"type":"cond-expr","locations":[{"start":{"line":5,"column":14},"end":{"line":5,"column":17}},{"start":{"line":5,"column":20},"end":{"line":5,"column":27}}]},"1":{"loc":{"start":{"line":10,"column":2},"end":{"line":12,"column":null}},"type":"if","locations":[{"start":{"line":10,"column":2},"end":{"line":12,"column":null}},{"start":{"line":10,"column":2},"end":{"line":12,"column":null}}]},"2":{"loc":{"start":{"line":21,"column":6},"end":{"line":38,"column":null}},"type":"if","locations":[{"start":{"line":21,"column":6},"end":{"line":38,"column":null}},{"start":{"line":21,"column":6},"end":{"line":38,"column":null}}]},"3":{"loc":{"start":{"line":21,"column":10},"end":{"line":21,"column":21}},"type":"binary-expr","locations":[{"start":{"line":21,"column":10},"end":{"line":21,"column":21}},{"start":{"line":21,"column":25},"end":{"line":21,"column":51}}]},"4":{"loc":{"start":{"line":23,"column":13},"end":{"line":38,"column":null}},"type":"if","locations":[{"start":{"line":23,"column":13},"end":{"line":38,"column":null}},{"start":{"line":23,"column":13},"end":{"line":38,"column":null}}]},"5":{"loc":{"start":{"line":23,"column":17},"end":{"line":23,"column":25}},"type":"binary-expr","locations":[{"start":{"line":23,"column":17},"end":{"line":23,"column":25}},{"start":{"line":23,"column":29},"end":{"line":23,"column":44}},{"start":{"line":23,"column":48},"end":{"line":23,"column":71}},{"start":{"line":23,"column":75},"end":{"line":23,"column":106}}]},"6":{"loc":{"start":{"line":28,"column":10},"end":{"line":32,"column":null}},"type":"if","locations":[{"start":{"line":28,"column":10},"end":{"line":32,"column":null}},{"start":{"line":28,"column":10},"end":{"line":32,"column":null}}]},"7":{"loc":{"start":{"line":30,"column":17},"end":{"line":32,"column":null}},"type":"if","locations":[{"start":{"line":30,"column":17},"end":{"line":32,"column":null}},{"start":{"line":30,"column":17},"end":{"line":32,"column":null}}]},"8":{"loc":{"start":{"line":34,"column":8},"end":{"line":37,"column":null}},"type":"if","locations":[{"start":{"line":34,"column":8},"end":{"line":37,"column":null}},{"start":{"line":34,"column":8},"end":{"line":37,"column":null}}]},"9":{"loc":{"start":{"line":42,"column":6},"end":{"line":104,"column":null}},"type":"if","locations":[{"start":{"line":42,"column":6},"end":{"line":104,"column":null}},{"start":{"line":42,"column":6},"end":{"line":104,"column":null}}]},"10":{"loc":{"start":{"line":42,"column":10},"end":{"line":42,"column":21}},"type":"binary-expr","locations":[{"start":{"line":42,"column":10},"end":{"line":42,"column":21}},{"start":{"line":42,"column":25},"end":{"line":42,"column":49}}]},"11":{"loc":{"start":{"line":44,"column":13},"end":{"line":104,"column":null}},"type":"if","locations":[{"start":{"line":44,"column":13},"end":{"line":104,"column":null}},{"start":{"line":44,"column":13},"end":{"line":104,"column":null}}]},"12":{"loc":{"start":{"line":44,"column":17},"end":{"line":44,"column":22}},"type":"binary-expr","locations":[{"start":{"line":44,"column":17},"end":{"line":44,"column":22}},{"start":{"line":44,"column":26},"end":{"line":44,"column":40}}]},"13":{"loc":{"start":{"line":47,"column":8},"end":{"line":99,"column":null}},"type":"if","locations":[{"start":{"line":47,"column":8},"end":{"line":99,"column":null}},{"start":{"line":47,"column":8},"end":{"line":99,"column":null}}]},"14":{"loc":{"start":{"line":47,"column":14},"end":{"line":47,"column":37}},"type":"binary-expr","locations":[{"start":{"line":47,"column":14},"end":{"line":47,"column":37}},{"start":{"line":47,"column":42},"end":{"line":47,"column":62}},{"start":{"line":47,"column":67},"end":{"line":47,"column":71}},{"start":{"line":47,"column":75},"end":{"line":47,"column":84}},{"start":{"line":47,"column":88},"end":{"line":47,"column":122}}]},"15":{"loc":{"start":{"line":51,"column":12},"end":{"line":53,"column":20}},"type":"switch","locations":[{"start":{"line":51,"column":12},"end":{"line":53,"column":20}},{"start":{"line":55,"column":12},"end":{"line":86,"column":20}},{"start":{"line":88,"column":12},"end":{"line":90,"column":20}},{"start":{"line":92,"column":12},"end":{"line":97,"column":null}}]},"16":{"loc":{"start":{"line":60,"column":16},"end":{"line":64,"column":null}},"type":"if","locations":[{"start":{"line":60,"column":16},"end":{"line":64,"column":null}},{"start":{"line":60,"column":16},"end":{"line":64,"column":null}}]},"17":{"loc":{"start":{"line":62,"column":23},"end":{"line":64,"column":null}},"type":"if","locations":[{"start":{"line":62,"column":23},"end":{"line":64,"column":null}},{"start":{"line":62,"column":23},"end":{"line":64,"column":null}}]},"18":{"loc":{"start":{"line":66,"column":14},"end":{"line":85,"column":null}},"type":"if","locations":[{"start":{"line":66,"column":14},"end":{"line":85,"column":null}},{"start":{"line":66,"column":14},"end":{"line":85,"column":null}}]},"19":{"loc":{"start":{"line":69,"column":21},"end":{"line":85,"column":null}},"type":"if","locations":[{"start":{"line":69,"column":21},"end":{"line":85,"column":null}},{"start":{"line":69,"column":21},"end":{"line":85,"column":null}}]},"20":{"loc":{"start":{"line":69,"column":25},"end":{"line":69,"column":36}},"type":"binary-expr","locations":[{"start":{"line":69,"column":25},"end":{"line":69,"column":36}},{"start":{"line":69,"column":40},"end":{"line":69,"column":56}}]},"21":{"loc":{"start":{"line":73,"column":18},"end":{"line":75,"column":null}},"type":"if","locations":[{"start":{"line":73,"column":18},"end":{"line":75,"column":null}},{"start":{"line":73,"column":18},"end":{"line":75,"column":null}}]},"22":{"loc":{"start":{"line":81,"column":21},"end":{"line":85,"column":null}},"type":"if","locations":[{"start":{"line":81,"column":21},"end":{"line":85,"column":null}},{"start":{"line":81,"column":21},"end":{"line":85,"column":null}}]},"23":{"loc":{"start":{"line":81,"column":25},"end":{"line":81,"column":36}},"type":"binary-expr","locations":[{"start":{"line":81,"column":25},"end":{"line":81,"column":36}},{"start":{"line":81,"column":40},"end":{"line":81,"column":52}}]},"24":{"loc":{"start":{"line":93,"column":14},"end":{"line":97,"column":null}},"type":"if","locations":[{"start":{"line":93,"column":14},"end":{"line":97,"column":null}},{"start":{"line":93,"column":14},"end":{"line":97,"column":null}}]},"25":{"loc":{"start":{"line":93,"column":18},"end":{"line":93,"column":29}},"type":"binary-expr","locations":[{"start":{"line":93,"column":18},"end":{"line":93,"column":29}},{"start":{"line":93,"column":33},"end":{"line":93,"column":45}}]},"26":{"loc":{"start":{"line":100,"column":13},"end":{"line":104,"column":null}},"type":"if","locations":[{"start":{"line":100,"column":13},"end":{"line":104,"column":null}},{"start":{"line":100,"column":13},"end":{"line":104,"column":null}}]},"27":{"loc":{"start":{"line":100,"column":17},"end":{"line":100,"column":22}},"type":"binary-expr","locations":[{"start":{"line":100,"column":17},"end":{"line":100,"column":22}},{"start":{"line":100,"column":26},"end":{"line":100,"column":39}}]}},"s":{"0":1,"1":1,"2":1,"3":5,"4":5,"5":1,"6":10,"7":10,"8":19,"9":10,"10":9,"11":3,"12":1,"13":2,"14":1,"15":1,"16":1,"17":1,"18":2,"19":2,"20":2,"21":1,"22":1,"23":1,"24":1,"25":1,"26":1,"27":3,"28":6,"29":1,"30":5,"31":5,"32":5,"33":5,"34":5,"35":5,"36":1,"37":1,"38":2,"39":2,"40":2,"41":2,"42":3,"43":3,"44":3,"45":1,"46":2,"47":1,"48":2,"49":1,"50":1,"51":1,"52":1,"53":1,"54":1,"55":1,"56":1,"57":1,"58":1,"59":1,"60":0,"61":0,"62":0,"63":2,"64":1,"65":1,"66":1,"67":1,"68":0,"69":0,"70":0,"71":0,"72":6},"f":{"0":5,"1":10,"2":10,"3":19,"4":3,"5":2,"6":6,"7":3},"b":{"0":[4,1],"1":[10,9],"2":[1,2],"3":[3,1],"4":[1,1],"5":[2,2,2,2],"6":[1,1],"7":[1,0],"8":[1,0],"9":[1,5],"10":[6,1],"11":[5,0],"12":[5,5],"13":[5,0],"14":[5,0,0,0,0],"15":[1,2,1,1],"16":[1,2],"17":[1,1],"18":[1,1],"19":[1,0],"20":[1,1],"21":[1,0],"22":[0,0],"23":[0,0],"24":[1,0],"25":[1,1],"26":[0,0],"27":[0,0]}}
,"/Users/shintaro/jhip-react/src/main/webapp/app/config/translation.ts": {"path":"/Users/shintaro/jhip-react/src/main/webapp/app/config/translation.ts","statementMap":{"0":{"start":{"line":1,"column":0},"end":{"line":1,"column":60}},"1":{"start":{"line":3,"column":0},"end":{"line":3,"column":55}},"2":{"start":{"line":5,"column":0},"end":{"line":5,"column":41}},"3":{"start":{"line":6,"column":0},"end":{"line":6,"column":58}},"4":{"start":{"line":8,"column":13},"end":{"line":11,"column":2}},"5":{"start":{"line":13,"column":13},"end":{"line":13,"column":53}},"6":{"start":{"line":15,"column":13},"end":{"line":17,"column":2}},"7":{"start":{"line":16,"column":2},"end":{"line":16,"column":65}}},"fnMap":{"0":{"name":"(anonymous_0)","decl":{"start":{"line":15,"column":30},"end":{"line":15,"column":35}},"loc":{"start":{"line":15,"column":35},"end":{"line":17,"column":1}}}},"branchMap":{},"s":{"0":2,"1":2,"2":2,"3":2,"4":2,"5":2,"6":2,"7":0},"f":{"0":0},"b":{}}
,"/Users/shintaro/jhip-react/src/main/webapp/app/entities/ingredients/ingredients.reducer.ts": {"path":"/Users/shintaro/jhip-react/src/main/webapp/app/entities/ingredients/ingredients.reducer.ts","statementMap":{"0":{"start":{"line":1,"column":0},"end":{"line":1,"column":26}},"1":{"start":{"line":4,"column":0},"end":{"line":4,"column":59}},"2":{"start":{"line":5,"column":0},"end":{"line":5,"column":81}},"3":{"start":{"line":7,"column":0},"end":{"line":7,"column":80}},"4":{"start":{"line":9,"column":13},"end":{"line":16,"column":2}},"5":{"start":{"line":18,"column":21},"end":{"line":25,"column":2}},"6":{"start":{"line":31,"column":0},"end":{"line":96,"column":2}},"7":{"start":{"line":31,"column":16},"end":{"line":31,"column":56}},"8":{"start":{"line":32,"column":2},"end":{"line":95,"column":null}},"9":{"start":{"line":35,"column":6},"end":{"line":39,"column":null}},"10":{"start":{"line":44,"column":6},"end":{"line":48,"column":null}},"11":{"start":{"line":55,"column":6},"end":{"line":60,"column":null}},"12":{"start":{"line":63,"column":6},"end":{"line":66,"column":null}},"13":{"start":{"line":69,"column":6},"end":{"line":72,"column":null}},"14":{"start":{"line":76,"column":6},"end":{"line":80,"column":null}},"15":{"start":{"line":83,"column":6},"end":{"line":87,"column":null}},"16":{"start":{"line":90,"column":6},"end":{"line":91,"column":null}},"17":{"start":{"line":94,"column":6},"end":{"line":94,"column":19}},"18":{"start":{"line":98,"column":15},"end":{"line":98,"column":32}},"19":{"start":{"line":102,"column":13},"end":{"line":105,"column":3}},"20":{"start":{"line":102,"column":82},"end":{"line":105,"column":3}},"21":{"start":{"line":107,"column":13},"end":{"line":113,"column":2}},"22":{"start":{"line":108,"column":24},"end":{"line":108,"column":38}},"23":{"start":{"line":109,"column":2},"end":{"line":112,"column":4}},"24":{"start":{"line":115,"column":13},"end":{"line":122,"column":2}},"25":{"start":{"line":115,"column":68},"end":{"line":122,"column":2}},"26":{"start":{"line":115,"column":82},"end":{"line":122,"column":2}},"27":{"start":{"line":116,"column":17},"end":{"line":119,"column":null}},"28":{"start":{"line":116,"column":8},"end":{"line":119,"column":null}},"29":{"start":{"line":120,"column":2},"end":{"line":120,"column":26}},"30":{"start":{"line":121,"column":2},"end":{"line":121,"column":16}},"31":{"start":{"line":124,"column":13},"end":{"line":131,"column":2}},"32":{"start":{"line":124,"column":68},"end":{"line":131,"column":2}},"33":{"start":{"line":124,"column":82},"end":{"line":131,"column":2}},"34":{"start":{"line":125,"column":17},"end":{"line":128,"column":null}},"35":{"start":{"line":125,"column":8},"end":{"line":128,"column":null}},"36":{"start":{"line":129,"column":2},"end":{"line":129,"column":26}},"37":{"start":{"line":130,"column":2},"end":{"line":130,"column":16}},"38":{"start":{"line":133,"column":13},"end":{"line":141,"column":2}},"39":{"start":{"line":133,"column":67},"end":{"line":141,"column":2}},"40":{"start":{"line":133,"column":81},"end":{"line":141,"column":2}},"41":{"start":{"line":134,"column":8},"end":{"line":134,"column":39}},"42":{"start":{"line":135,"column":17},"end":{"line":138,"column":null}},"43":{"start":{"line":135,"column":8},"end":{"line":138,"column":null}},"44":{"start":{"line":139,"column":2},"end":{"line":139,"column":26}},"45":{"start":{"line":140,"column":2},"end":{"line":140,"column":16}},"46":{"start":{"line":143,"column":13},"end":{"line":145,"column":3}},"47":{"start":{"line":143,"column":27},"end":{"line":145,"column":3}}},"fnMap":{"0":{"name":"(anonymous_0)","decl":{"start":{"line":31,"column":15},"end":{"line":31,"column":16}},"loc":{"start":{"line":31,"column":62},"end":{"line":96,"column":1}}},"1":{"name":"(anonymous_1)","decl":{"start":{"line":102,"column":60},"end":{"line":102,"column":61}},"loc":{"start":{"line":102,"column":77},"end":{"line":102,"column":83}}},"2":{"name":"(anonymous_2)","decl":{"start":{"line":107,"column":55},"end":{"line":107,"column":57}},"loc":{"start":{"line":107,"column":57},"end":{"line":113,"column":1}}},"3":{"name":"(anonymous_3)","decl":{"start":{"line":115,"column":58},"end":{"line":115,"column":64}},"loc":{"start":{"line":115,"column":64},"end":{"line":115,"column":74}}},"4":{"name":"(anonymous_4)","decl":{"start":{"line":115,"column":68},"end":{"line":115,"column":74}},"loc":{"start":{"line":115,"column":82},"end":{"line":122,"column":2}}},"5":{"name":"(anonymous_5)","decl":{"start":{"line":115,"column":82},"end":{"line":115,"column":null}},"loc":{"start":{"line":115,"column":82},"end":{"line":122,"column":2}}},"6":{"name":"(anonymous_7)","decl":{"start":{"line":124,"column":58},"end":{"line":124,"column":64}},"loc":{"start":{"line":124,"column":64},"end":{"line":124,"column":74}}},"7":{"name":"(anonymous_8)","decl":{"start":{"line":124,"column":68},"end":{"line":124,"column":74}},"loc":{"start":{"line":124,"column":82},"end":{"line":131,"column":2}}},"8":{"name":"(anonymous_9)","decl":{"start":{"line":124,"column":82},"end":{"line":124,"column":null}},"loc":{"start":{"line":124,"column":82},"end":{"line":131,"column":2}}},"9":{"name":"(anonymous_11)","decl":{"start":{"line":133,"column":61},"end":{"line":133,"column":63}},"loc":{"start":{"line":133,"column":63},"end":{"line":133,"column":73}}},"10":{"name":"(anonymous_12)","decl":{"start":{"line":133,"column":67},"end":{"line":133,"column":73}},"loc":{"start":{"line":133,"column":81},"end":{"line":141,"column":2}}},"11":{"name":"(anonymous_13)","decl":{"start":{"line":133,"column":81},"end":{"line":133,"column":null}},"loc":{"start":{"line":133,"column":81},"end":{"line":141,"column":2}}},"12":{"name":"(anonymous_15)","decl":{"start":{"line":143,"column":21},"end":{"line":143,"column":27}},"loc":{"start":{"line":143,"column":21},"end":{"line":143,"column":28}}}},"branchMap":{"0":{"loc":{"start":{"line":31,"column":16},"end":{"line":31,"column":56}},"type":"if","locations":[{"start":{"line":31,"column":16},"end":{"line":31,"column":56}},{"start":{"line":31,"column":16},"end":{"line":31,"column":56}}]},"1":{"loc":{"start":{"line":33,"column":4},"end":{"line":33,"column":54}},"type":"switch","locations":[{"start":{"line":33,"column":4},"end":{"line":33,"column":54}},{"start":{"line":34,"column":4},"end":{"line":39,"column":null}},{"start":{"line":41,"column":4},"end":{"line":41,"column":50}},{"start":{"line":42,"column":4},"end":{"line":42,"column":50}},{"start":{"line":43,"column":4},"end":{"line":48,"column":null}},{"start":{"line":50,"column":4},"end":{"line":50,"column":54}},{"start":{"line":51,"column":4},"end":{"line":51,"column":49}},{"start":{"line":52,"column":4},"end":{"line":52,"column":50}},{"start":{"line":53,"column":4},"end":{"line":53,"column":50}},{"start":{"line":54,"column":4},"end":{"line":60,"column":null}},{"start":{"line":62,"column":4},"end":{"line":66,"column":null}},{"start":{"line":68,"column":4},"end":{"line":72,"column":null}},{"start":{"line":74,"column":4},"end":{"line":74,"column":50}},{"start":{"line":75,"column":4},"end":{"line":80,"column":null}},{"start":{"line":82,"column":4},"end":{"line":87,"column":null}},{"start":{"line":89,"column":4},"end":{"line":91,"column":null}},{"start":{"line":93,"column":4},"end":{"line":94,"column":19}}]},"2":{"loc":{"start":{"line":116,"column":17},"end":{"line":119,"column":null}},"type":"switch","locations":[{"start":{"line":116,"column":17},"end":{"line":119,"column":null}}]},"3":{"loc":{"start":{"line":125,"column":17},"end":{"line":128,"column":null}},"type":"switch","locations":[{"start":{"line":125,"column":17},"end":{"line":128,"column":null}}]}},"s":{"0":2,"1":1,"2":1,"3":1,"4":1,"5":1,"6":1,"7":31,"8":16,"9":2,"10":3,"11":5,"12":1,"13":1,"14":1,"15":1,"16":1,"17":1,"18":1,"19":1,"20":4,"21":1,"22":1,"23":1,"24":1,"25":1,"26":1,"27":1,"28":1,"29":1,"30":1,"31":1,"32":1,"33":1,"34":1,"35":1,"36":1,"37":1,"38":1,"39":1,"40":1,"41":1,"42":1,"43":1,"44":1,"45":1,"46":1,"47":1},"f":{"0":16,"1":4,"2":1,"3":1,"4":1,"5":1,"6":1,"7":1,"8":1,"9":1,"10":1,"11":1,"12":1},"b":{"0":[15,1],"1":[1,2,1,2,3,1,2,3,4,5,1,1,1,1,1,1,1],"2":[1],"3":[1]}}
,"/Users/shintaro/jhip-react/src/main/webapp/app/modules/account/activate/activate.reducer.ts": {"path":"/Users/shintaro/jhip-react/src/main/webapp/app/modules/account/activate/activate.reducer.ts","statementMap":{"0":{"start":{"line":1,"column":0},"end":{"line":1,"column":26}},"1":{"start":{"line":3,"column":0},"end":{"line":3,"column":81}},"2":{"start":{"line":5,"column":13},"end":{"line":8,"column":2}},"3":{"start":{"line":10,"column":21},"end":{"line":13,"column":2}},"4":{"start":{"line":18,"column":0},"end":{"line":41,"column":2}},"5":{"start":{"line":18,"column":16},"end":{"line":18,"column":53}},"6":{"start":{"line":19,"column":2},"end":{"line":40,"column":null}},"7":{"start":{"line":21,"column":6},"end":{"line":22,"column":null}},"8":{"start":{"line":25,"column":6},"end":{"line":27,"column":null}},"9":{"start":{"line":30,"column":6},"end":{"line":32,"column":null}},"10":{"start":{"line":35,"column":6},"end":{"line":36,"column":null}},"11":{"start":{"line":39,"column":6},"end":{"line":39,"column":19}},"12":{"start":{"line":44,"column":13},"end":{"line":47,"column":3}},"13":{"start":{"line":44,"column":37},"end":{"line":47,"column":3}},"14":{"start":{"line":49,"column":13},"end":{"line":51,"column":3}},"15":{"start":{"line":49,"column":27},"end":{"line":51,"column":3}}},"fnMap":{"0":{"name":"(anonymous_0)","decl":{"start":{"line":18,"column":15},"end":{"line":18,"column":16}},"loc":{"start":{"line":18,"column":59},"end":{"line":41,"column":1}}},"1":{"name":"(anonymous_1)","decl":{"start":{"line":44,"column":30},"end":{"line":44,"column":33}},"loc":{"start":{"line":44,"column":33},"end":{"line":44,"column":38}}},"2":{"name":"(anonymous_2)","decl":{"start":{"line":49,"column":21},"end":{"line":49,"column":27}},"loc":{"start":{"line":49,"column":21},"end":{"line":49,"column":28}}}},"branchMap":{"0":{"loc":{"start":{"line":18,"column":16},"end":{"line":18,"column":53}},"type":"if","locations":[{"start":{"line":18,"column":16},"end":{"line":18,"column":53}},{"start":{"line":18,"column":16},"end":{"line":18,"column":53}}]},"1":{"loc":{"start":{"line":20,"column":4},"end":{"line":22,"column":null}},"type":"switch","locations":[{"start":{"line":20,"column":4},"end":{"line":22,"column":null}},{"start":{"line":24,"column":4},"end":{"line":27,"column":null}},{"start":{"line":29,"column":4},"end":{"line":32,"column":null}},{"start":{"line":34,"column":4},"end":{"line":36,"column":null}},{"start":{"line":38,"column":4},"end":{"line":39,"column":19}}]}},"s":{"0":1,"1":1,"2":1,"3":1,"4":1,"5":10,"6":6,"7":1,"8":1,"9":1,"10":2,"11":1,"12":1,"13":1,"14":1,"15":1},"f":{"0":6,"1":1,"2":1},"b":{"0":[4,2],"1":[1,1,1,2,1]}}
,"/Users/shintaro/jhip-react/src/main/webapp/app/modules/account/password/password.reducer.ts": {"path":"/Users/shintaro/jhip-react/src/main/webapp/app/modules/account/password/password.reducer.ts","statementMap":{"0":{"start":{"line":1,"column":0},"end":{"line":1,"column":26}},"1":{"start":{"line":2,"column":0},"end":{"line":2,"column":43}},"2":{"start":{"line":4,"column":0},"end":{"line":4,"column":81}},"3":{"start":{"line":6,"column":13},"end":{"line":9,"column":2}},"4":{"start":{"line":11,"column":21},"end":{"line":16,"column":2}},"5":{"start":{"line":21,"column":0},"end":{"line":51,"column":2}},"6":{"start":{"line":21,"column":16},"end":{"line":21,"column":53}},"7":{"start":{"line":22,"column":2},"end":{"line":50,"column":null}},"8":{"start":{"line":24,"column":6},"end":{"line":28,"column":null}},"9":{"start":{"line":31,"column":6},"end":{"line":35,"column":null}},"10":{"start":{"line":38,"column":6},"end":{"line":42,"column":null}},"11":{"start":{"line":45,"column":6},"end":{"line":46,"column":null}},"12":{"start":{"line":49,"column":6},"end":{"line":49,"column":19}},"13":{"start":{"line":54,"column":15},"end":{"line":54,"column":28}},"14":{"start":{"line":56,"column":13},"end":{"line":63,"column":3}},"15":{"start":{"line":56,"column":62},"end":{"line":63,"column":3}},"16":{"start":{"line":65,"column":13},"end":{"line":67,"column":3}},"17":{"start":{"line":65,"column":27},"end":{"line":67,"column":3}}},"fnMap":{"0":{"name":"(anonymous_0)","decl":{"start":{"line":21,"column":15},"end":{"line":21,"column":16}},"loc":{"start":{"line":21,"column":59},"end":{"line":51,"column":1}}},"1":{"name":"(anonymous_1)","decl":{"start":{"line":56,"column":28},"end":{"line":56,"column":29}},"loc":{"start":{"line":56,"column":57},"end":{"line":56,"column":63}}},"2":{"name":"(anonymous_2)","decl":{"start":{"line":65,"column":21},"end":{"line":65,"column":27}},"loc":{"start":{"line":65,"column":21},"end":{"line":65,"column":28}}}},"branchMap":{"0":{"loc":{"start":{"line":21,"column":16},"end":{"line":21,"column":53}},"type":"if","locations":[{"start":{"line":21,"column":16},"end":{"line":21,"column":53}},{"start":{"line":21,"column":16},"end":{"line":21,"column":53}}]},"1":{"loc":{"start":{"line":23,"column":4},"end":{"line":28,"column":null}},"type":"switch","locations":[{"start":{"line":23,"column":4},"end":{"line":28,"column":null}},{"start":{"line":30,"column":4},"end":{"line":35,"column":null}},{"start":{"line":37,"column":4},"end":{"line":42,"column":null}},{"start":{"line":44,"column":4},"end":{"line":46,"column":null}},{"start":{"line":48,"column":4},"end":{"line":49,"column":19}}]}},"s":{"0":1,"1":1,"2":1,"3":1,"4":1,"5":1,"6":9,"7":5,"8":1,"9":1,"10":1,"11":1,"12":1,"13":1,"14":1,"15":1,"16":1,"17":1},"f":{"0":5,"1":1,"2":1},"b":{"0":[4,1],"1":[1,1,1,1,1]}}
,"/Users/shintaro/jhip-react/src/main/webapp/app/modules/account/register/register.reducer.ts": {"path":"/Users/shintaro/jhip-react/src/main/webapp/app/modules/account/register/register.reducer.ts","statementMap":{"0":{"start":{"line":1,"column":0},"end":{"line":1,"column":26}},"1":{"start":{"line":2,"column":0},"end":{"line":2,"column":43}},"2":{"start":{"line":4,"column":0},"end":{"line":4,"column":81}},"3":{"start":{"line":6,"column":13},"end":{"line":9,"column":2}},"4":{"start":{"line":11,"column":21},"end":{"line":16,"column":2}},"5":{"start":{"line":21,"column":0},"end":{"line":46,"column":2}},"6":{"start":{"line":21,"column":16},"end":{"line":21,"column":53}},"7":{"start":{"line":22,"column":2},"end":{"line":45,"column":null}},"8":{"start":{"line":24,"column":6},"end":{"line":26,"column":null}},"9":{"start":{"line":29,"column":6},"end":{"line":32,"column":null}},"10":{"start":{"line":35,"column":6},"end":{"line":37,"column":null}},"11":{"start":{"line":40,"column":6},"end":{"line":41,"column":null}},"12":{"start":{"line":44,"column":6},"end":{"line":44,"column":19}},"13":{"start":{"line":49,"column":13},"end":{"line":55,"column":3}},"14":{"start":{"line":49,"column":55},"end":{"line":49,"column":74}},"15":{"start":{"line":49,"column":74},"end":{"line":55,"column":3}},"16":{"start":{"line":57,"column":13},"end":{"line":59,"column":3}},"17":{"start":{"line":57,"column":27},"end":{"line":59,"column":3}}},"fnMap":{"0":{"name":"(anonymous_0)","decl":{"start":{"line":21,"column":15},"end":{"line":21,"column":16}},"loc":{"start":{"line":21,"column":59},"end":{"line":46,"column":1}}},"1":{"name":"(anonymous_1)","decl":{"start":{"line":49,"column":30},"end":{"line":49,"column":31}},"loc":{"start":{"line":49,"column":69},"end":{"line":49,"column":75}}},"2":{"name":"(anonymous_2)","decl":{"start":{"line":57,"column":21},"end":{"line":57,"column":27}},"loc":{"start":{"line":57,"column":21},"end":{"line":57,"column":28}}}},"branchMap":{"0":{"loc":{"start":{"line":21,"column":16},"end":{"line":21,"column":53}},"type":"if","locations":[{"start":{"line":21,"column":16},"end":{"line":21,"column":53}},{"start":{"line":21,"column":16},"end":{"line":21,"column":53}}]},"1":{"loc":{"start":{"line":23,"column":4},"end":{"line":26,"column":null}},"type":"switch","locations":[{"start":{"line":23,"column":4},"end":{"line":26,"column":null}},{"start":{"line":28,"column":4},"end":{"line":32,"column":null}},{"start":{"line":34,"column":4},"end":{"line":37,"column":null}},{"start":{"line":39,"column":4},"end":{"line":41,"column":null}},{"start":{"line":43,"column":4},"end":{"line":44,"column":19}}]},"2":{"loc":{"start":{"line":49,"column":55},"end":{"line":49,"column":74}},"type":"if","locations":[{"start":{"line":49,"column":55},"end":{"line":49,"column":74}},{"start":{"line":49,"column":55},"end":{"line":49,"column":74}}]}},"s":{"0":1,"1":1,"2":1,"3":1,"4":1,"5":1,"6":9,"7":5,"8":1,"9":1,"10":1,"11":1,"12":1,"13":1,"14":2,"15":1,"16":1,"17":1},"f":{"0":5,"1":1,"2":1},"b":{"0":[4,1],"1":[1,1,1,1,1],"2":[1,0]}}
,"/Users/shintaro/jhip-react/src/main/webapp/app/modules/account/settings/settings.reducer.ts": {"path":"/Users/shintaro/jhip-react/src/main/webapp/app/modules/account/settings/settings.reducer.ts","statementMap":{"0":{"start":{"line":1,"column":0},"end":{"line":1,"column":26}},"1":{"start":{"line":2,"column":0},"end":{"line":2,"column":52}},"2":{"start":{"line":4,"column":0},"end":{"line":4,"column":81}},"3":{"start":{"line":5,"column":0},"end":{"line":5,"column":64}},"4":{"start":{"line":7,"column":13},"end":{"line":10,"column":2}},"5":{"start":{"line":12,"column":21},"end":{"line":17,"column":2}},"6":{"start":{"line":22,"column":0},"end":{"line":52,"column":2}},"7":{"start":{"line":22,"column":16},"end":{"line":22,"column":53}},"8":{"start":{"line":23,"column":2},"end":{"line":51,"column":null}},"9":{"start":{"line":25,"column":6},"end":{"line":29,"column":null}},"10":{"start":{"line":32,"column":6},"end":{"line":36,"column":null}},"11":{"start":{"line":39,"column":6},"end":{"line":43,"column":null}},"12":{"start":{"line":46,"column":6},"end":{"line":47,"column":null}},"13":{"start":{"line":50,"column":6},"end":{"line":50,"column":19}},"14":{"start":{"line":55,"column":15},"end":{"line":55,"column":28}},"15":{"start":{"line":57,"column":13},"end":{"line":71,"column":2}},"16":{"start":{"line":57,"column":46},"end":{"line":71,"column":2}},"17":{"start":{"line":57,"column":71},"end":{"line":71,"column":2}},"18":{"start":{"line":58,"column":2},"end":{"line":64,"column":5}},"19":{"start":{"line":66,"column":2},"end":{"line":68,"column":null}},"20":{"start":{"line":67,"column":4},"end":{"line":67,"column":37}},"21":{"start":{"line":70,"column":2},"end":{"line":70,"column":31}},"22":{"start":{"line":73,"column":13},"end":{"line":75,"column":3}},"23":{"start":{"line":73,"column":27},"end":{"line":75,"column":3}}},"fnMap":{"0":{"name":"(anonymous_0)","decl":{"start":{"line":22,"column":15},"end":{"line":22,"column":16}},"loc":{"start":{"line":22,"column":59},"end":{"line":52,"column":1}}},"1":{"name":"(anonymous_1)","decl":{"start":{"line":57,"column":35},"end":{"line":57,"column":42}},"loc":{"start":{"line":57,"column":42},"end":{"line":57,"column":53}}},"2":{"name":"(anonymous_2)","decl":{"start":{"line":57,"column":46},"end":{"line":57,"column":53}},"loc":{"start":{"line":57,"column":71},"end":{"line":71,"column":2}}},"3":{"name":"(anonymous_3)","decl":{"start":{"line":57,"column":71},"end":{"line":57,"column":null}},"loc":{"start":{"line":57,"column":71},"end":{"line":71,"column":2}}},"4":{"name":"(anonymous_5)","decl":{"start":{"line":73,"column":21},"end":{"line":73,"column":27}},"loc":{"start":{"line":73,"column":21},"end":{"line":73,"column":28}}}},"branchMap":{"0":{"loc":{"start":{"line":22,"column":16},"end":{"line":22,"column":53}},"type":"if","locations":[{"start":{"line":22,"column":16},"end":{"line":22,"column":53}},{"start":{"line":22,"column":16},"end":{"line":22,"column":53}}]},"1":{"loc":{"start":{"line":24,"column":4},"end":{"line":29,"column":null}},"type":"switch","locations":[{"start":{"line":24,"column":4},"end":{"line":29,"column":null}},{"start":{"line":31,"column":4},"end":{"line":36,"column":null}},{"start":{"line":38,"column":4},"end":{"line":43,"column":null}},{"start":{"line":45,"column":4},"end":{"line":47,"column":null}},{"start":{"line":49,"column":4},"end":{"line":50,"column":19}}]},"2":{"loc":{"start":{"line":58,"column":2},"end":{"line":64,"column":5}},"type":"switch","locations":[{"start":{"line":58,"column":2},"end":{"line":64,"column":5}}]},"3":{"loc":{"start":{"line":66,"column":2},"end":{"line":68,"column":null}},"type":"if","locations":[{"start":{"line":66,"column":2},"end":{"line":68,"column":null}},{"start":{"line":66,"column":2},"end":{"line":68,"column":null}}]}},"s":{"0":2,"1":1,"2":1,"3":1,"4":1,"5":1,"6":1,"7":9,"8":5,"9":1,"10":1,"11":1,"12":1,"13":1,"14":1,"15":1,"16":1,"17":1,"18":2,"19":1,"20":0,"21":2,"22":1,"23":1},"f":{"0":5,"1":1,"2":1,"3":1,"4":1},"b":{"0":[4,1],"1":[1,1,1,1,1],"2":[1],"3":[0,1]}}
,"/Users/shintaro/jhip-react/src/main/webapp/app/modules/administration/administration.reducer.ts": {"path":"/Users/shintaro/jhip-react/src/main/webapp/app/modules/administration/administration.reducer.ts","statementMap":{"0":{"start":{"line":1,"column":0},"end":{"line":1,"column":26}},"1":{"start":{"line":3,"column":0},"end":{"line":3,"column":81}},"2":{"start":{"line":5,"column":13},"end":{"line":14,"column":2}},"3":{"start":{"line":16,"column":21},"end":{"line":31,"column":2}},"4":{"start":{"line":37,"column":0},"end":{"line":117,"column":2}},"5":{"start":{"line":37,"column":16},"end":{"line":37,"column":59}},"6":{"start":{"line":38,"column":2},"end":{"line":116,"column":null}},"7":{"start":{"line":46,"column":6},"end":{"line":49,"column":null}},"8":{"start":{"line":58,"column":6},"end":{"line":61,"column":null}},"9":{"start":{"line":64,"column":6},"end":{"line":67,"column":null}},"10":{"start":{"line":70,"column":6},"end":{"line":73,"column":null}},"11":{"start":{"line":76,"column":6},"end":{"line":81,"column":null}},"12":{"start":{"line":84,"column":6},"end":{"line":89,"column":null}},"13":{"start":{"line":93,"column":6},"end":{"line":98,"column":null}},"14":{"start":{"line":102,"column":6},"end":{"line":106,"column":null}},"15":{"start":{"line":109,"column":6},"end":{"line":112,"column":null}},"16":{"start":{"line":115,"column":6},"end":{"line":115,"column":19}},"17":{"start":{"line":121,"column":13},"end":{"line":124,"column":3}},"18":{"start":{"line":121,"column":34},"end":{"line":124,"column":3}},"19":{"start":{"line":126,"column":13},"end":{"line":129,"column":3}},"20":{"start":{"line":126,"column":35},"end":{"line":129,"column":3}},"21":{"start":{"line":131,"column":13},"end":{"line":134,"column":3}},"22":{"start":{"line":131,"column":38},"end":{"line":134,"column":3}},"23":{"start":{"line":136,"column":13},"end":{"line":139,"column":3}},"24":{"start":{"line":136,"column":32},"end":{"line":139,"column":3}},"25":{"start":{"line":141,"column":13},"end":{"line":153,"column":2}},"26":{"start":{"line":142,"column":15},"end":{"line":145,"column":4}},"27":{"start":{"line":146,"column":2},"end":{"line":152,"column":4}},"28":{"start":{"line":146,"column":23},"end":{"line":152,"column":4}},"29":{"start":{"line":147,"column":4},"end":{"line":150,"column":7}},"30":{"start":{"line":151,"column":4},"end":{"line":151,"column":27}},"31":{"start":{"line":155,"column":13},"end":{"line":158,"column":3}},"32":{"start":{"line":155,"column":39},"end":{"line":158,"column":3}},"33":{"start":{"line":160,"column":13},"end":{"line":163,"column":3}},"34":{"start":{"line":160,"column":28},"end":{"line":163,"column":3}},"35":{"start":{"line":165,"column":13},"end":{"line":177,"column":2}},"36":{"start":{"line":166,"column":19},"end":{"line":166,"column":94}},"37":{"start":{"line":167,"column":2},"end":{"line":169,"column":null}},"38":{"start":{"line":168,"column":4},"end":{"line":168,"column":42}},"39":{"start":{"line":170,"column":2},"end":{"line":172,"column":null}},"40":{"start":{"line":171,"column":4},"end":{"line":171,"column":38}},"41":{"start":{"line":173,"column":2},"end":{"line":176,"column":4}}},"fnMap":{"0":{"name":"(anonymous_0)","decl":{"start":{"line":37,"column":15},"end":{"line":37,"column":16}},"loc":{"start":{"line":37,"column":65},"end":{"line":117,"column":1}}},"1":{"name":"(anonymous_1)","decl":{"start":{"line":121,"column":28},"end":{"line":121,"column":34}},"loc":{"start":{"line":121,"column":28},"end":{"line":121,"column":35}}},"2":{"name":"(anonymous_2)","decl":{"start":{"line":126,"column":29},"end":{"line":126,"column":35}},"loc":{"start":{"line":126,"column":29},"end":{"line":126,"column":36}}},"3":{"name":"(anonymous_3)","decl":{"start":{"line":131,"column":32},"end":{"line":131,"column":38}},"loc":{"start":{"line":131,"column":32},"end":{"line":131,"column":39}}},"4":{"name":"(anonymous_4)","decl":{"start":{"line":136,"column":26},"end":{"line":136,"column":32}},"loc":{"start":{"line":136,"column":26},"end":{"line":136,"column":33}}},"5":{"name":"(anonymous_5)","decl":{"start":{"line":141,"column":30},"end":{"line":141,"column":31}},"loc":{"start":{"line":141,"column":42},"end":{"line":153,"column":1}}},"6":{"name":"(anonymous_6)","decl":{"start":{"line":146,"column":9},"end":{"line":146,"column":15}},"loc":{"start":{"line":146,"column":23},"end":{"line":152,"column":4}}},"7":{"name":"(anonymous_7)","decl":{"start":{"line":146,"column":23},"end":{"line":146,"column":null}},"loc":{"start":{"line":146,"column":23},"end":{"line":152,"column":4}}},"8":{"name":"(anonymous_9)","decl":{"start":{"line":155,"column":33},"end":{"line":155,"column":39}},"loc":{"start":{"line":155,"column":33},"end":{"line":155,"column":40}}},"9":{"name":"(anonymous_10)","decl":{"start":{"line":160,"column":22},"end":{"line":160,"column":28}},"loc":{"start":{"line":160,"column":22},"end":{"line":160,"column":29}}},"10":{"name":"(anonymous_11)","decl":{"start":{"line":165,"column":25},"end":{"line":165,"column":26}},"loc":{"start":{"line":165,"column":60},"end":{"line":177,"column":1}}}},"branchMap":{"0":{"loc":{"start":{"line":37,"column":16},"end":{"line":37,"column":59}},"type":"if","locations":[{"start":{"line":37,"column":16},"end":{"line":37,"column":59}},{"start":{"line":37,"column":16},"end":{"line":37,"column":59}}]},"1":{"loc":{"start":{"line":39,"column":4},"end":{"line":39,"column":45}},"type":"switch","locations":[{"start":{"line":39,"column":4},"end":{"line":39,"column":45}},{"start":{"line":40,"column":4},"end":{"line":40,"column":49}},{"start":{"line":41,"column":4},"end":{"line":41,"column":42}},{"start":{"line":42,"column":4},"end":{"line":42,"column":52}},{"start":{"line":43,"column":4},"end":{"line":43,"column":41}},{"start":{"line":44,"column":4},"end":{"line":44,"column":44}},{"start":{"line":45,"column":4},"end":{"line":49,"column":null}},{"start":{"line":51,"column":4},"end":{"line":51,"column":45}},{"start":{"line":52,"column":4},"end":{"line":52,"column":49}},{"start":{"line":53,"column":4},"end":{"line":53,"column":42}},{"start":{"line":54,"column":4},"end":{"line":54,"column":52}},{"start":{"line":55,"column":4},"end":{"line":55,"column":41}},{"start":{"line":56,"column":4},"end":{"line":56,"column":44}},{"start":{"line":57,"column":4},"end":{"line":61,"column":null}},{"start":{"line":63,"column":4},"end":{"line":67,"column":null}},{"start":{"line":69,"column":4},"end":{"line":73,"column":null}},{"start":{"line":75,"column":4},"end":{"line":81,"column":null}},{"start":{"line":83,"column":4},"end":{"line":89,"column":null}},{"start":{"line":92,"column":4},"end":{"line":98,"column":null}},{"start":{"line":101,"column":4},"end":{"line":106,"column":null}},{"start":{"line":108,"column":4},"end":{"line":112,"column":null}},{"start":{"line":114,"column":4},"end":{"line":115,"column":19}}]},"2":{"loc":{"start":{"line":147,"column":4},"end":{"line":150,"column":7}},"type":"switch","locations":[{"start":{"line":147,"column":4},"end":{"line":150,"column":7}}]},"3":{"loc":{"start":{"line":166,"column":46},"end":{"line":166,"column":87}},"type":"cond-expr","locations":[{"start":{"line":166,"column":46},"end":{"line":166,"column":87}},{"start":{"line":166,"column":90},"end":{"line":166,"column":92}}]},"4":{"loc":{"start":{"line":167,"column":2},"end":{"line":169,"column":null}},"type":"if","locations":[{"start":{"line":167,"column":2},"end":{"line":169,"column":null}},{"start":{"line":167,"column":2},"end":{"line":169,"column":null}}]},"5":{"loc":{"start":{"line":170,"column":2},"end":{"line":172,"column":null}},"type":"if","locations":[{"start":{"line":170,"column":2},"end":{"line":172,"column":null}},{"start":{"line":170,"column":2},"end":{"line":172,"column":null}}]}},"s":{"0":2,"1":1,"2":1,"3":1,"4":1,"5":44,"6":22,"7":7,"8":7,"9":1,"10":1,"11":1,"12":1,"13":1,"14":1,"15":1,"16":1,"17":1,"18":1,"19":1,"20":1,"21":1,"22":1,"23":1,"24":2,"25":1,"26":1,"27":1,"28":1,"29":2,"30":1,"31":1,"32":1,"33":1,"34":1,"35":1,"36":2,"37":2,"38":1,"39":2,"40":1,"41":2},"f":{"0":22,"1":1,"2":1,"3":1,"4":2,"5":1,"6":1,"7":1,"8":1,"9":1,"10":2},"b":{"0":[22,0],"1":[1,2,3,4,5,6,7,1,2,3,4,5,6,7,1,1,1,1,1,1,1,1],"2":[1],"3":[1,1],"4":[1,1],"5":[1,1]}}
,"/Users/shintaro/jhip-react/src/main/webapp/app/modules/administration/user-management/user-management.reducer.ts": {"path":"/Users/shintaro/jhip-react/src/main/webapp/app/modules/administration/user-management/user-management.reducer.ts","statementMap":{"0":{"start":{"line":1,"column":0},"end":{"line":1,"column":26}},"1":{"start":{"line":4,"column":0},"end":{"line":4,"column":81}},"2":{"start":{"line":5,"column":0},"end":{"line":5,"column":66}},"3":{"start":{"line":7,"column":13},"end":{"line":15,"column":2}},"4":{"start":{"line":17,"column":21},"end":{"line":26,"column":2}},"5":{"start":{"line":31,"column":0},"end":{"line":107,"column":2}},"6":{"start":{"line":31,"column":16},"end":{"line":31,"column":59}},"7":{"start":{"line":32,"column":2},"end":{"line":106,"column":null}},"8":{"start":{"line":34,"column":6},"end":{"line":35,"column":null}},"9":{"start":{"line":39,"column":6},"end":{"line":43,"column":null}},"10":{"start":{"line":48,"column":6},"end":{"line":52,"column":null}},"11":{"start":{"line":60,"column":6},"end":{"line":65,"column":null}},"12":{"start":{"line":68,"column":6},"end":{"line":70,"column":null}},"13":{"start":{"line":73,"column":6},"end":{"line":77,"column":null}},"14":{"start":{"line":80,"column":6},"end":{"line":83,"column":null}},"15":{"start":{"line":87,"column":6},"end":{"line":91,"column":null}},"16":{"start":{"line":94,"column":6},"end":{"line":98,"column":null}},"17":{"start":{"line":101,"column":6},"end":{"line":102,"column":null}},"18":{"start":{"line":105,"column":6},"end":{"line":105,"column":19}},"19":{"start":{"line":109,"column":15},"end":{"line":109,"column":26}},"20":{"start":{"line":111,"column":13},"end":{"line":117,"column":2}},"21":{"start":{"line":112,"column":21},"end":{"line":112,"column":88}},"22":{"start":{"line":113,"column":2},"end":{"line":116,"column":4}},"23":{"start":{"line":119,"column":13},"end":{"line":122,"column":3}},"24":{"start":{"line":119,"column":30},"end":{"line":122,"column":3}},"25":{"start":{"line":124,"column":13},"end":{"line":130,"column":2}},"26":{"start":{"line":125,"column":24},"end":{"line":125,"column":38}},"27":{"start":{"line":126,"column":2},"end":{"line":129,"column":4}},"28":{"start":{"line":132,"column":13},"end":{"line":139,"column":2}},"29":{"start":{"line":132,"column":57},"end":{"line":139,"column":2}},"30":{"start":{"line":132,"column":71},"end":{"line":139,"column":2}},"31":{"start":{"line":133,"column":17},"end":{"line":136,"column":null}},"32":{"start":{"line":133,"column":8},"end":{"line":136,"column":null}},"33":{"start":{"line":137,"column":2},"end":{"line":137,"column":23}},"34":{"start":{"line":138,"column":2},"end":{"line":138,"column":16}},"35":{"start":{"line":141,"column":13},"end":{"line":148,"column":2}},"36":{"start":{"line":141,"column":57},"end":{"line":148,"column":2}},"37":{"start":{"line":141,"column":71},"end":{"line":148,"column":2}},"38":{"start":{"line":142,"column":17},"end":{"line":145,"column":null}},"39":{"start":{"line":142,"column":8},"end":{"line":145,"column":null}},"40":{"start":{"line":146,"column":2},"end":{"line":146,"column":23}},"41":{"start":{"line":147,"column":2},"end":{"line":147,"column":16}},"42":{"start":{"line":150,"column":13},"end":{"line":158,"column":2}},"43":{"start":{"line":150,"column":58},"end":{"line":158,"column":2}},"44":{"start":{"line":150,"column":72},"end":{"line":158,"column":2}},"45":{"start":{"line":151,"column":8},"end":{"line":151,"column":39}},"46":{"start":{"line":152,"column":17},"end":{"line":155,"column":null}},"47":{"start":{"line":152,"column":8},"end":{"line":155,"column":null}},"48":{"start":{"line":156,"column":2},"end":{"line":156,"column":23}},"49":{"start":{"line":157,"column":2},"end":{"line":157,"column":16}},"50":{"start":{"line":160,"column":13},"end":{"line":162,"column":3}},"51":{"start":{"line":160,"column":27},"end":{"line":162,"column":3}}},"fnMap":{"0":{"name":"(anonymous_0)","decl":{"start":{"line":31,"column":15},"end":{"line":31,"column":16}},"loc":{"start":{"line":31,"column":65},"end":{"line":107,"column":1}}},"1":{"name":"(anonymous_1)","decl":{"start":{"line":111,"column":50},"end":{"line":111,"column":51}},"loc":{"start":{"line":111,"column":67},"end":{"line":117,"column":1}}},"2":{"name":"(anonymous_2)","decl":{"start":{"line":119,"column":24},"end":{"line":119,"column":30}},"loc":{"start":{"line":119,"column":24},"end":{"line":119,"column":31}}},"3":{"name":"(anonymous_3)","decl":{"start":{"line":124,"column":46},"end":{"line":124,"column":48}},"loc":{"start":{"line":124,"column":48},"end":{"line":130,"column":1}}},"4":{"name":"(anonymous_4)","decl":{"start":{"line":132,"column":49},"end":{"line":132,"column":53}},"loc":{"start":{"line":132,"column":53},"end":{"line":132,"column":63}}},"5":{"name":"(anonymous_5)","decl":{"start":{"line":132,"column":57},"end":{"line":132,"column":63}},"loc":{"start":{"line":132,"column":71},"end":{"line":139,"column":2}}},"6":{"name":"(anonymous_6)","decl":{"start":{"line":132,"column":71},"end":{"line":132,"column":null}},"loc":{"start":{"line":132,"column":71},"end":{"line":139,"column":2}}},"7":{"name":"(anonymous_8)","decl":{"start":{"line":141,"column":49},"end":{"line":141,"column":53}},"loc":{"start":{"line":141,"column":53},"end":{"line":141,"column":63}}},"8":{"name":"(anonymous_9)","decl":{"start":{"line":141,"column":57},"end":{"line":141,"column":63}},"loc":{"start":{"line":141,"column":71},"end":{"line":148,"column":2}}},"9":{"name":"(anonymous_10)","decl":{"start":{"line":141,"column":71},"end":{"line":141,"column":null}},"loc":{"start":{"line":141,"column":71},"end":{"line":148,"column":2}}},"10":{"name":"(anonymous_12)","decl":{"start":{"line":150,"column":52},"end":{"line":150,"column":54}},"loc":{"start":{"line":150,"column":54},"end":{"line":150,"column":64}}},"11":{"name":"(anonymous_13)","decl":{"start":{"line":150,"column":58},"end":{"line":150,"column":64}},"loc":{"start":{"line":150,"column":72},"end":{"line":158,"column":2}}},"12":{"name":"(anonymous_14)","decl":{"start":{"line":150,"column":72},"end":{"line":150,"column":null}},"loc":{"start":{"line":150,"column":72},"end":{"line":158,"column":2}}},"13":{"name":"(anonymous_16)","decl":{"start":{"line":160,"column":21},"end":{"line":160,"column":27}},"loc":{"start":{"line":160,"column":21},"end":{"line":160,"column":28}}}},"branchMap":{"0":{"loc":{"start":{"line":31,"column":16},"end":{"line":31,"column":59}},"type":"if","locations":[{"start":{"line":31,"column":16},"end":{"line":31,"column":59}},{"start":{"line":31,"column":16},"end":{"line":31,"column":59}}]},"1":{"loc":{"start":{"line":33,"column":4},"end":{"line":35,"column":null}},"type":"switch","locations":[{"start":{"line":33,"column":4},"end":{"line":35,"column":null}},{"start":{"line":37,"column":4},"end":{"line":37,"column":43}},{"start":{"line":38,"column":4},"end":{"line":43,"column":null}},{"start":{"line":45,"column":4},"end":{"line":45,"column":43}},{"start":{"line":46,"column":4},"end":{"line":46,"column":43}},{"start":{"line":47,"column":4},"end":{"line":52,"column":null}},{"start":{"line":54,"column":4},"end":{"line":54,"column":43}},{"start":{"line":55,"column":4},"end":{"line":55,"column":42}},{"start":{"line":56,"column":4},"end":{"line":56,"column":43}},{"start":{"line":57,"column":4},"end":{"line":57,"column":43}},{"start":{"line":58,"column":4},"end":{"line":58,"column":43}},{"start":{"line":59,"column":4},"end":{"line":65,"column":null}},{"start":{"line":67,"column":4},"end":{"line":70,"column":null}},{"start":{"line":72,"column":4},"end":{"line":77,"column":null}},{"start":{"line":79,"column":4},"end":{"line":83,"column":null}},{"start":{"line":85,"column":4},"end":{"line":85,"column":43}},{"start":{"line":86,"column":4},"end":{"line":91,"column":null}},{"start":{"line":93,"column":4},"end":{"line":98,"column":null}},{"start":{"line":100,"column":4},"end":{"line":102,"column":null}},{"start":{"line":104,"column":4},"end":{"line":105,"column":19}}]},"2":{"loc":{"start":{"line":112,"column":40},"end":{"line":112,"column":81}},"type":"cond-expr","locations":[{"start":{"line":112,"column":40},"end":{"line":112,"column":81}},{"start":{"line":112,"column":84},"end":{"line":112,"column":86}}]},"3":{"loc":{"start":{"line":133,"column":17},"end":{"line":136,"column":null}},"type":"switch","locations":[{"start":{"line":133,"column":17},"end":{"line":136,"column":null}}]},"4":{"loc":{"start":{"line":142,"column":17},"end":{"line":145,"column":null}},"type":"switch","locations":[{"start":{"line":142,"column":17},"end":{"line":145,"column":null}}]}},"s":{"0":2,"1":1,"2":1,"3":1,"4":1,"5":1,"6":39,"7":20,"8":1,"9":2,"10":3,"11":6,"12":1,"13":1,"14":1,"15":2,"16":1,"17":1,"18":1,"19":1,"20":1,"21":5,"22":5,"23":1,"24":1,"25":1,"26":1,"27":1,"28":1,"29":1,"30":1,"31":1,"32":1,"33":1,"34":1,"35":1,"36":1,"37":1,"38":1,"39":1,"40":1,"41":1,"42":1,"43":1,"44":1,"45":1,"46":1,"47":1,"48":1,"49":1,"50":1,"51":1},"f":{"0":20,"1":5,"2":1,"3":1,"4":1,"5":1,"6":1,"7":1,"8":1,"9":1,"10":1,"11":1,"12":1,"13":1},"b":{"0":[19,1],"1":[1,1,2,1,2,3,1,2,3,4,5,6,1,1,1,1,2,1,1,1],"2":[1,4],"3":[1],"4":[1]}}
,"/Users/shintaro/jhip-react/src/main/webapp/app/shared/auth/private-route.tsx": {"path":"/Users/shintaro/jhip-react/src/main/webapp/app/shared/auth/private-route.tsx","statementMap":{"0":{"start":{"line":1,"column":0},"end":{"line":1,"column":26}},"1":{"start":{"line":2,"column":0},"end":{"line":2,"column":38}},"2":{"start":{"line":3,"column":0},"end":{"line":3,"column":63}},"3":{"start":{"line":4,"column":0},"end":{"line":4,"column":43}},"4":{"start":{"line":6,"column":0},"end":{"line":6,"column":60}},"5":{"start":{"line":14,"column":13},"end":{"line":56,"column":2}},"6":{"start":{"line":15,"column":2},"end":{"line":15,"column":22}},"7":{"start":{"line":16,"column":2},"end":{"line":16,"column":17}},"8":{"start":{"line":17,"column":2},"end":{"line":17,"column":23}},"9":{"start":{"line":18,"column":2},"end":{"line":18,"column":14}},"10":{"start":{"line":19,"column":2},"end":{"line":19,"column":24}},"11":{"start":{"line":20,"column":2},"end":{"line":20,"column":9}},"12":{"start":{"line":22,"column":27},"end":{"line":23,"column":16}},"13":{"start":{"line":23,"column":4},"end":{"line":33,"column":6}},"14":{"start":{"line":35,"column":25},"end":{"line":51,"column":3}},"15":{"start":{"line":36,"column":4},"end":{"line":50,"column":null}},"16":{"start":{"line":37,"column":6},"end":{"line":37,"column":21}},"17":{"start":{"line":39,"column":6},"end":{"line":49,"column":8}},"18":{"start":{"line":53,"column":2},"end":{"line":53,"column":120}},"19":{"start":{"line":53,"column":18},"end":{"line":53,"column":120}},"20":{"start":{"line":55,"column":2},"end":{"line":55,"column":53}},"21":{"start":{"line":58,"column":13},"end":{"line":66,"column":2}},"22":{"start":{"line":59,"column":2},"end":{"line":64,"column":null}},"23":{"start":{"line":60,"column":4},"end":{"line":62,"column":null}},"24":{"start":{"line":61,"column":6},"end":{"line":61,"column":18}},"25":{"start":{"line":63,"column":4},"end":{"line":63,"column":70}},"26":{"start":{"line":63,"column":42},"end":{"line":63,"column":69}},"27":{"start":{"line":65,"column":2},"end":{"line":65,"column":15}},"28":{"start":{"line":68,"column":24},"end":{"line":71,"column":6}},"29":{"start":{"line":69,"column":4},"end":{"line":69,"column":22}},"30":{"start":{"line":69,"column":22},"end":{"line":69,"column":37}},"31":{"start":{"line":69,"column":39},"end":{"line":69,"column":46}},"32":{"start":{"line":69,"column":48},"end":{"line":69,"column":69}},"33":{"start":{"line":70,"column":4},"end":{"line":70,"column":26}},"34":{"start":{"line":71,"column":5},"end":{"line":75,"column":3}},"35":{"start":{"line":84,"column":13},"end":{"line":89,"column":25}},"36":{"start":{"line":91,"column":0},"end":{"line":91,"column":28}}},"fnMap":{"0":{"name":"(anonymous_0)","decl":{"start":{"line":14,"column":37},"end":{"line":14,"column":38}},"loc":{"start":{"line":21,"column":21},"end":{"line":56,"column":1}}},"1":{"name":"(anonymous_1)","decl":{"start":{"line":22,"column":27},"end":{"line":22,"column":32}},"loc":{"start":{"line":22,"column":32},"end":{"line":23,"column":16}}},"2":{"name":"(anonymous_2)","decl":{"start":{"line":35,"column":25},"end":{"line":35,"column":30}},"loc":{"start":{"line":35,"column":30},"end":{"line":51,"column":3}}},"3":{"name":"(anonymous_3)","decl":{"start":{"line":58,"column":31},"end":{"line":58,"column":32}},"loc":{"start":{"line":58,"column":82},"end":{"line":66,"column":1}}},"4":{"name":"(anonymous_4)","decl":{"start":{"line":63,"column":34},"end":{"line":63,"column":38}},"loc":{"start":{"line":63,"column":38},"end":{"line":63,"column":53}}},"5":{"name":"(anonymous_5)","decl":{"start":{"line":68,"column":24},"end":{"line":68,"column":null}},"loc":{"start":{"line":70,"column":39},"end":{"line":71,"column":6}}}},"branchMap":{"0":{"loc":{"start":{"line":19,"column":2},"end":{"line":19,"column":24}},"type":"cond-expr","locations":[{"start":{"line":19,"column":2},"end":{"line":19,"column":24}},{"start":{"line":19,"column":2},"end":{"line":19,"column":24}}]},"1":{"loc":{"start":{"line":24,"column":6},"end":{"line":25,"column":null}},"type":"cond-expr","locations":[{"start":{"line":24,"column":6},"end":{"line":25,"column":null}},{"start":{"line":28,"column":6},"end":{"line":31,"column":null}}]},"2":{"loc":{"start":{"line":36,"column":4},"end":{"line":50,"column":null}},"type":"if","locations":[{"start":{"line":36,"column":4},"end":{"line":50,"column":null}},{"start":{"line":36,"column":4},"end":{"line":50,"column":null}}]},"3":{"loc":{"start":{"line":40,"column":8},"end":{"line":40,"column":31}},"type":"cond-expr","locations":[{"start":{"line":40,"column":8},"end":{"line":40,"column":31}},{"start":{"line":42,"column":8},"end":{"line":47,"column":null}}]},"4":{"loc":{"start":{"line":53,"column":2},"end":{"line":53,"column":120}},"type":"if","locations":[{"start":{"line":53,"column":2},"end":{"line":53,"column":120}},{"start":{"line":53,"column":2},"end":{"line":53,"column":120}}]},"5":{"loc":{"start":{"line":59,"column":2},"end":{"line":64,"column":null}},"type":"if","locations":[{"start":{"line":59,"column":2},"end":{"line":64,"column":null}},{"start":{"line":59,"column":2},"end":{"line":64,"column":null}}]},"6":{"loc":{"start":{"line":59,"column":6},"end":{"line":59,"column":17}},"type":"binary-expr","locations":[{"start":{"line":59,"column":6},"end":{"line":59,"column":17}},{"start":{"line":59,"column":21},"end":{"line":59,"column":45}}]},"7":{"loc":{"start":{"line":60,"column":4},"end":{"line":62,"column":null}},"type":"if","locations":[{"start":{"line":60,"column":4},"end":{"line":62,"column":null}},{"start":{"line":60,"column":4},"end":{"line":62,"column":null}}]},"8":{"loc":{"start":{"line":70,"column":4},"end":{"line":70,"column":26}},"type":"cond-expr","locations":[{"start":{"line":70,"column":4},"end":{"line":70,"column":26}},{"start":{"line":70,"column":4},"end":{"line":70,"column":26}}]}},"s":{"0":1,"1":1,"2":1,"3":1,"4":1,"5":1,"6":4,"7":4,"8":4,"9":4,"10":8,"11":4,"12":4,"13":2,"14":4,"15":3,"16":0,"17":3,"18":4,"19":1,"20":3,"21":1,"22":13,"23":9,"24":1,"25":8,"26":9,"27":4,"28":1,"29":0,"30":0,"31":0,"32":0,"33":0,"34":0,"35":1,"36":1},"f":{"0":4,"1":2,"2":3,"3":13,"4":9,"5":0},"b":{"0":[4,0],"1":[1,1],"2":[0,3],"3":[2,1],"4":[1,3],"5":[9,4],"6":[13,11],"7":[1,8],"8":[0,0]}}
,"/Users/shintaro/jhip-react/src/main/webapp/app/shared/error/error-boundary-route.tsx": {"path":"/Users/shintaro/jhip-react/src/main/webapp/app/shared/error/error-boundary-route.tsx","statementMap":{"0":{"start":{"line":1,"column":0},"end":{"line":1,"column":26}},"1":{"start":{"line":2,"column":0},"end":{"line":2,"column":53}},"2":{"start":{"line":3,"column":0},"end":{"line":3,"column":60}},"3":{"start":{"line":5,"column":13},"end":{"line":15,"column":2}},"4":{"start":{"line":5,"column":37},"end":{"line":5,"column":57}},"5":{"start":{"line":5,"column":59},"end":{"line":5,"column":66}},"6":{"start":{"line":6,"column":33},"end":{"line":6,"column":null}},"7":{"start":{"line":6,"column":42},"end":{"line":10,"column":4}},"8":{"start":{"line":12,"column":2},"end":{"line":12,"column":102}},"9":{"start":{"line":12,"column":18},"end":{"line":12,"column":102}},"10":{"start":{"line":14,"column":2},"end":{"line":14,"column":61}},"11":{"start":{"line":17,"column":0},"end":{"line":17,"column":34}}},"fnMap":{"0":{"name":"(anonymous_0)","decl":{"start":{"line":5,"column":34},"end":{"line":5,"column":35}},"loc":{"start":{"line":5,"column":80},"end":{"line":15,"column":1}}},"1":{"name":"(anonymous_1)","decl":{"start":{"line":6,"column":33},"end":{"line":6,"column":38}},"loc":{"start":{"line":6,"column":38},"end":{"line":6,"column":null}}}},"branchMap":{"0":{"loc":{"start":{"line":12,"column":2},"end":{"line":12,"column":102}},"type":"if","locations":[{"start":{"line":12,"column":2},"end":{"line":12,"column":102}},{"start":{"line":12,"column":2},"end":{"line":12,"column":102}}]}},"s":{"0":1,"1":1,"2":1,"3":1,"4":2,"5":2,"6":2,"7":1,"8":2,"9":1,"10":1,"11":1},"f":{"0":2,"1":1},"b":{"0":[1,1]}}
,"/Users/shintaro/jhip-react/src/main/webapp/app/shared/error/error-boundary.tsx": {"path":"/Users/shintaro/jhip-react/src/main/webapp/app/shared/error/error-boundary.tsx","statementMap":{"0":{"start":{"line":1,"column":0},"end":{"line":1,"column":26}},"1":{"start":{"line":12,"column":0},"end":{"line":12,"column":85}},"2":{"start":{"line":12,"column":28},"end":{"line":12,"column":33}},"3":{"start":{"line":12,"column":0},"end":{"line":12,"column":28}},"4":{"start":{"line":13,"column":11},"end":{"line":13,"column":83}},"5":{"start":{"line":15,"column":2},"end":{"line":20,"column":null}},"6":{"start":{"line":16,"column":4},"end":{"line":19,"column":7}},"7":{"start":{"line":22,"column":2},"end":{"line":43,"column":null}},"8":{"start":{"line":23,"column":10},"end":{"line":23,"column":12}},"9":{"start":{"line":23,"column":12},"end":{"line":23,"column":17}},"10":{"start":{"line":23,"column":19},"end":{"line":23,"column":28}},"11":{"start":{"line":24,"column":4},"end":{"line":41,"column":null}},"12":{"start":{"line":26,"column":8},"end":{"line":33,"column":null}},"13":{"start":{"line":35,"column":6},"end":{"line":40,"column":8}},"14":{"start":{"line":42,"column":4},"end":{"line":42,"column":31}},"15":{"start":{"line":44,"column":0},"end":{"line":44,"column":null}},"16":{"start":{"line":46,"column":0},"end":{"line":46,"column":29}}},"fnMap":{"0":{"name":"(anonymous_0)","decl":{"start":{"line":12,"column":0},"end":{"line":12,"column":28}},"loc":{"start":{"line":12,"column":0},"end":{"line":44,"column":null}}},"1":{"name":"(anonymous_2)","decl":{"start":{"line":15,"column":2},"end":{"line":15,"column":19}},"loc":{"start":{"line":15,"column":36},"end":{"line":20,"column":3}}},"2":{"name":"(anonymous_3)","decl":{"start":{"line":22,"column":2},"end":{"line":22,"column":8}},"loc":{"start":{"line":22,"column":2},"end":{"line":43,"column":3}}}},"branchMap":{"0":{"loc":{"start":{"line":12,"column":0},"end":{"line":12,"column":28}},"type":"binary-expr","locations":[{"start":{"line":12,"column":0},"end":{"line":12,"column":28}},{"start":{"line":12,"column":0},"end":{"line":12,"column":28}},{"start":{"line":12,"column":0},"end":{"line":12,"column":28}}]},"1":{"loc":{"start":{"line":24,"column":4},"end":{"line":41,"column":null}},"type":"if","locations":[{"start":{"line":24,"column":4},"end":{"line":41,"column":null}},{"start":{"line":24,"column":4},"end":{"line":41,"column":null}}]},"2":{"loc":{"start":{"line":27,"column":10},"end":{"line":30,"column":null}},"type":"cond-expr","locations":[{"start":{"line":27,"column":10},"end":{"line":30,"column":null}},{"start":{"line":33,"column":10},"end":{"line":33,"column":19}}]},"3":{"loc":{"start":{"line":28,"column":13},"end":{"line":28,"column":18}},"type":"binary-expr","locations":[{"start":{"line":28,"column":13},"end":{"line":28,"column":18}},{"start":{"line":28,"column":22},"end":{"line":28,"column":38}}]}},"s":{"0":3,"1":3,"2":3,"3":3,"4":3,"5":3,"6":2,"7":3,"8":5,"9":5,"10":5,"11":5,"12":2,"13":2,"14":3,"15":3,"16":3},"f":{"0":6,"1":2,"2":5},"b":{"0":[3,3,3],"1":[2,3],"2":[0,2],"3":[0,0]}}
,"/Users/shintaro/jhip-react/src/main/webapp/app/shared/layout/header/header-components.tsx": {"path":"/Users/shintaro/jhip-react/src/main/webapp/app/shared/layout/header/header-components.tsx","statementMap":{"0":{"start":{"line":1,"column":0},"end":{"line":1,"column":26}},"1":{"start":{"line":2,"column":0},"end":{"line":2,"column":43}},"2":{"start":{"line":4,"column":0},"end":{"line":4,"column":111}},"3":{"start":{"line":5,"column":0},"end":{"line":5,"column":51}},"4":{"start":{"line":6,"column":0},"end":{"line":6,"column":65}},"5":{"start":{"line":8,"column":0},"end":{"line":8,"column":45}},"6":{"start":{"line":10,"column":13},"end":{"line":20,"column":2}},"7":{"start":{"line":10,"column":36},"end":{"line":20,"column":2}},"8":{"start":{"line":22,"column":13},"end":{"line":26,"column":2}},"9":{"start":{"line":22,"column":34},"end":{"line":26,"column":2}},"10":{"start":{"line":28,"column":13},"end":{"line":36,"column":2}},"11":{"start":{"line":28,"column":30},"end":{"line":36,"column":2}},"12":{"start":{"line":38,"column":13},"end":{"line":47,"column":2}},"13":{"start":{"line":38,"column":29},"end":{"line":47,"column":2}}},"fnMap":{"0":{"name":"(anonymous_0)","decl":{"start":{"line":10,"column":27},"end":{"line":10,"column":32}},"loc":{"start":{"line":10,"column":32},"end":{"line":10,"column":null}}},"1":{"name":"(anonymous_1)","decl":{"start":{"line":22,"column":25},"end":{"line":22,"column":30}},"loc":{"start":{"line":22,"column":30},"end":{"line":22,"column":null}}},"2":{"name":"(anonymous_2)","decl":{"start":{"line":28,"column":21},"end":{"line":28,"column":26}},"loc":{"start":{"line":28,"column":26},"end":{"line":28,"column":null}}},"3":{"name":"(anonymous_3)","decl":{"start":{"line":38,"column":20},"end":{"line":38,"column":25}},"loc":{"start":{"line":38,"column":25},"end":{"line":38,"column":null}}}},"branchMap":{},"s":{"0":2,"1":2,"2":2,"3":2,"4":2,"5":2,"6":2,"7":0,"8":2,"9":0,"10":2,"11":0,"12":2,"13":0},"f":{"0":0,"1":0,"2":0,"3":0},"b":{}}
,"/Users/shintaro/jhip-react/src/main/webapp/app/shared/layout/header/header.tsx": {"path":"/Users/shintaro/jhip-react/src/main/webapp/app/shared/layout/header/header.tsx","statementMap":{"0":{"start":{"line":1,"column":0},"end":{"line":1,"column":23}},"1":{"start":{"line":3,"column":0},"end":{"line":3,"column":26}},"2":{"start":{"line":4,"column":0},"end":{"line":4,"column":52}},"3":{"start":{"line":5,"column":0},"end":{"line":5,"column":79}},"4":{"start":{"line":9,"column":0},"end":{"line":9,"column":49}},"5":{"start":{"line":11,"column":0},"end":{"line":11,"column":50}},"6":{"start":{"line":12,"column":0},"end":{"line":12,"column":75}},"7":{"start":{"line":28,"column":0},"end":{"line":28,"column":79}},"8":{"start":{"line":28,"column":36},"end":{"line":28,"column":41}},"9":{"start":{"line":28,"column":0},"end":{"line":28,"column":36}},"10":{"start":{"line":29,"column":2},"end":{"line":31,"column":4}},"11":{"start":{"line":33,"column":2},"end":{"line":37,"column":4}},"12":{"start":{"line":34,"column":20},"end":{"line":34,"column":38}},"13":{"start":{"line":35,"column":4},"end":{"line":35,"column":43}},"14":{"start":{"line":36,"column":4},"end":{"line":36,"column":39}},"15":{"start":{"line":39,"column":2},"end":{"line":46,"column":13}},"16":{"start":{"line":40,"column":4},"end":{"line":46,"column":13}},"17":{"start":{"line":48,"column":2},"end":{"line":50,"column":4}},"18":{"start":{"line":49,"column":4},"end":{"line":49,"column":54}},"19":{"start":{"line":52,"column":2},"end":{"line":76,"column":null}},"20":{"start":{"line":53,"column":10},"end":{"line":53,"column":12}},"21":{"start":{"line":53,"column":12},"end":{"line":53,"column":25}},"22":{"start":{"line":53,"column":27},"end":{"line":53,"column":42}},"23":{"start":{"line":53,"column":44},"end":{"line":53,"column":51}},"24":{"start":{"line":53,"column":53},"end":{"line":53,"column":69}},"25":{"start":{"line":53,"column":71},"end":{"line":53,"column":85}},"26":{"start":{"line":57,"column":4},"end":{"line":75,"column":6}},"27":{"start":{"line":77,"column":0},"end":{"line":77,"column":null}}},"fnMap":{"0":{"name":"(anonymous_0)","decl":{"start":{"line":28,"column":0},"end":{"line":28,"column":36}},"loc":{"start":{"line":28,"column":0},"end":{"line":77,"column":null}}},"1":{"name":"(anonymous_2)","decl":{"start":{"line":33,"column":23},"end":{"line":33,"column":28}},"loc":{"start":{"line":33,"column":28},"end":{"line":37,"column":3}}},"2":{"name":"(anonymous_3)","decl":{"start":{"line":39,"column":20},"end":{"line":39,"column":null}},"loc":{"start":{"line":39,"column":20},"end":{"line":40,"column":8}}},"3":{"name":"(anonymous_4)","decl":{"start":{"line":48,"column":15},"end":{"line":48,"column":null}},"loc":{"start":{"line":48,"column":15},"end":{"line":50,"column":3}}},"4":{"name":"(anonymous_5)","decl":{"start":{"line":52,"column":2},"end":{"line":52,"column":8}},"loc":{"start":{"line":52,"column":2},"end":{"line":76,"column":3}}}},"branchMap":{"0":{"loc":{"start":{"line":28,"column":0},"end":{"line":28,"column":36}},"type":"binary-expr","locations":[{"start":{"line":28,"column":0},"end":{"line":28,"column":36}},{"start":{"line":28,"column":0},"end":{"line":28,"column":36}},{"start":{"line":28,"column":0},"end":{"line":28,"column":36}}]},"1":{"loc":{"start":{"line":41,"column":6},"end":{"line":44,"column":null}},"type":"cond-expr","locations":[{"start":{"line":41,"column":6},"end":{"line":44,"column":null}},{"start":{"line":46,"column":8},"end":{"line":46,"column":12}}]},"2":{"loc":{"start":{"line":67,"column":15},"end":{"line":67,"column":30}},"type":"binary-expr","locations":[{"start":{"line":67,"column":15},"end":{"line":67,"column":30}},{"start":{"line":67,"column":34},"end":{"line":67,"column":50}}]},"3":{"loc":{"start":{"line":68,"column":15},"end":{"line":68,"column":30}},"type":"binary-expr","locations":[{"start":{"line":68,"column":15},"end":{"line":68,"column":30}},{"start":{"line":68,"column":34},"end":{"line":68,"column":41}},{"start":{"line":68,"column":45},"end":{"line":68,"column":120}}]}},"s":{"0":1,"1":1,"2":1,"3":1,"4":1,"5":1,"6":1,"7":1,"8":1,"9":4,"10":4,"11":4,"12":0,"13":0,"14":0,"15":4,"16":4,"17":4,"18":0,"19":1,"20":4,"21":4,"22":4,"23":4,"24":4,"25":4,"26":4,"27":1},"f":{"0":5,"1":0,"2":4,"3":0,"4":4},"b":{"0":[4,4,4],"1":[1,3],"2":[4,3],"3":[4,3,2]}}
,"/Users/shintaro/jhip-react/src/main/webapp/app/shared/layout/header/menus/account.tsx": {"path":"/Users/shintaro/jhip-react/src/main/webapp/app/shared/layout/header/menus/account.tsx","statementMap":{"0":{"start":{"line":1,"column":0},"end":{"line":1,"column":26}},"1":{"start":{"line":2,"column":0},"end":{"line":2,"column":42}},"2":{"start":{"line":3,"column":0},"end":{"line":3,"column":65}},"3":{"start":{"line":4,"column":0},"end":{"line":4,"column":51}},"4":{"start":{"line":5,"column":0},"end":{"line":5,"column":54}},"5":{"start":{"line":6,"column":0},"end":{"line":6,"column":51}},"6":{"start":{"line":9,"column":2},"end":{"line":18,"column":null}},"7":{"start":{"line":23,"column":2},"end":{"line":29,"column":null}},"8":{"start":{"line":33,"column":13},"end":{"line":37,"column":2}},"9":{"start":{"line":33,"column":30},"end":{"line":33,"column":53}},"10":{"start":{"line":33,"column":60},"end":{"line":37,"column":2}},"11":{"start":{"line":39,"column":0},"end":{"line":39,"column":27}}},"fnMap":{"0":{"name":"(anonymous_0)","decl":{"start":{"line":33,"column":27},"end":{"line":33,"column":28}},"loc":{"start":{"line":33,"column":55},"end":{"line":33,"column":null}}}},"branchMap":{"0":{"loc":{"start":{"line":33,"column":30},"end":{"line":33,"column":53}},"type":"cond-expr","locations":[{"start":{"line":33,"column":30},"end":{"line":33,"column":53}},{"start":{"line":33,"column":30},"end":{"line":33,"column":53}}]},"1":{"loc":{"start":{"line":35,"column":23},"end":{"line":35,"column":52}},"type":"cond-expr","locations":[{"start":{"line":35,"column":23},"end":{"line":35,"column":52}},{"start":{"line":35,"column":55},"end":{"line":35,"column":71}}]}},"s":{"0":2,"1":2,"2":2,"3":2,"4":2,"5":2,"6":2,"7":2,"8":2,"9":4,"10":2,"11":2},"f":{"0":2},"b":{"0":[1,1],"1":[1,1]}}
,"/Users/shintaro/jhip-react/src/main/webapp/app/shared/layout/header/menus/admin.tsx": {"path":"/Users/shintaro/jhip-react/src/main/webapp/app/shared/layout/header/menus/admin.tsx","statementMap":{"0":{"start":{"line":1,"column":0},"end":{"line":1,"column":26}},"1":{"start":{"line":2,"column":0},"end":{"line":2,"column":42}},"2":{"start":{"line":3,"column":0},"end":{"line":3,"column":65}},"3":{"start":{"line":4,"column":0},"end":{"line":4,"column":51}},"4":{"start":{"line":5,"column":0},"end":{"line":5,"column":51}},"5":{"start":{"line":6,"column":0},"end":{"line":6,"column":54}},"6":{"start":{"line":9,"column":2},"end":{"line":28,"column":null}},"7":{"start":{"line":33,"column":2},"end":{"line":34,"column":null}},"8":{"start":{"line":39,"column":2},"end":{"line":40,"column":null}},"9":{"start":{"line":44,"column":13},"end":{"line":51,"column":2}},"10":{"start":{"line":44,"column":28},"end":{"line":44,"column":39}},"11":{"start":{"line":44,"column":41},"end":{"line":44,"column":53}},"12":{"start":{"line":44,"column":60},"end":{"line":51,"column":2}},"13":{"start":{"line":53,"column":0},"end":{"line":53,"column":25}}},"fnMap":{"0":{"name":"(anonymous_0)","decl":{"start":{"line":44,"column":25},"end":{"line":44,"column":26}},"loc":{"start":{"line":44,"column":55},"end":{"line":44,"column":null}}}},"branchMap":{"0":{"loc":{"start":{"line":47,"column":5},"end":{"line":47,"column":16}},"type":"binary-expr","locations":[{"start":{"line":47,"column":5},"end":{"line":47,"column":16}},{"start":{"line":47,"column":20},"end":{"line":47,"column":31}}]},"1":{"loc":{"start":{"line":49,"column":5},"end":{"line":49,"column":17}},"type":"binary-expr","locations":[{"start":{"line":49,"column":5},"end":{"line":49,"column":17}},{"start":{"line":49,"column":21},"end":{"line":49,"column":33}}]}},"s":{"0":2,"1":2,"2":2,"3":2,"4":2,"5":2,"6":2,"7":2,"8":2,"9":2,"10":0,"11":0,"12":0,"13":2},"f":{"0":0},"b":{"0":[0,0],"1":[0,0]}}
[...]
,"/Users/shintaro/jhip-react/src/main/webapp/app/shared/model/user.model.ts": {"path":"/Users/shintaro/jhip-react/src/main/webapp/app/shared/model/user.model.ts","statementMap":{"0":{"start":{"line":17,"column":13},"end":{"line":31,"column":2}}},"fnMap":{},"branchMap":{},"s":{"0":1},"f":{},"b":{}}
,"/Users/shintaro/jhip-react/src/main/webapp/app/shared/reducers/action-type.util.ts": {"path":"/Users/shintaro/jhip-react/src/main/webapp/app/shared/reducers/action-type.util.ts","statementMap":{"0":{"start":{"line":5,"column":13},"end":{"line":5,"column":61}},"1":{"start":{"line":5,"column":37},"end":{"line":5,"column":61}},"2":{"start":{"line":11,"column":13},"end":{"line":11,"column":63}},"3":{"start":{"line":11,"column":37},"end":{"line":11,"column":63}},"4":{"start":{"line":17,"column":13},"end":{"line":17,"column":62}},"5":{"start":{"line":17,"column":37},"end":{"line":17,"column":62}}},"fnMap":{"0":{"name":"(anonymous_0)","decl":{"start":{"line":5,"column":23},"end":{"line":5,"column":33}},"loc":{"start":{"line":5,"column":33},"end":{"line":5,"column":40}}},"1":{"name":"(anonymous_1)","decl":{"start":{"line":11,"column":23},"end":{"line":11,"column":33}},"loc":{"start":{"line":11,"column":33},"end":{"line":11,"column":40}}},"2":{"name":"(anonymous_2)","decl":{"start":{"line":17,"column":23},"end":{"line":17,"column":33}},"loc":{"start":{"line":17,"column":33},"end":{"line":17,"column":40}}}},"branchMap":{},"s":{"0":9,"1":411,"2":9,"3":180,"4":9,"5":256},"f":{"0":411,"1":180,"2":256},"b":{}}
,"/Users/shintaro/jhip-react/src/main/webapp/app/shared/reducers/application-profile.ts": {"path":"/Users/shintaro/jhip-react/src/main/webapp/app/shared/reducers/application-profile.ts","statementMap":{"0":{"start":{"line":1,"column":0},"end":{"line":1,"column":26}},"1":{"start":{"line":3,"column":0},"end":{"line":3,"column":63}},"2":{"start":{"line":5,"column":13},"end":{"line":7,"column":2}},"3":{"start":{"line":9,"column":21},"end":{"line":13,"column":2}},"4":{"start":{"line":17,"column":0},"end":{"line":30,"column":2}},"5":{"start":{"line":17,"column":16},"end":{"line":17,"column":63}},"6":{"start":{"line":18,"column":2},"end":{"line":29,"column":null}},"7":{"start":{"line":20,"column":14},"end":{"line":20,"column":18}},"8":{"start":{"line":21,"column":6},"end":{"line":25,"column":null}},"9":{"start":{"line":28,"column":6},"end":{"line":28,"column":19}},"10":{"start":{"line":32,"column":13},"end":{"line":35,"column":3}},"11":{"start":{"line":32,"column":32},"end":{"line":35,"column":3}}},"fnMap":{"0":{"name":"(anonymous_0)","decl":{"start":{"line":17,"column":15},"end":{"line":17,"column":16}},"loc":{"start":{"line":17,"column":69},"end":{"line":30,"column":1}}},"1":{"name":"(anonymous_1)","decl":{"start":{"line":32,"column":26},"end":{"line":32,"column":32}},"loc":{"start":{"line":32,"column":26},"end":{"line":32,"column":33}}}},"branchMap":{"0":{"loc":{"start":{"line":17,"column":16},"end":{"line":17,"column":63}},"type":"if","locations":[{"start":{"line":17,"column":16},"end":{"line":17,"column":63}},{"start":{"line":17,"column":16},"end":{"line":17,"column":63}}]},"1":{"loc":{"start":{"line":19,"column":4},"end":{"line":25,"column":null}},"type":"switch","locations":[{"start":{"line":19,"column":4},"end":{"line":25,"column":null}},{"start":{"line":27,"column":4},"end":{"line":28,"column":19}}]}},"s":{"0":1,"1":1,"2":1,"3":1,"4":1,"5":6,"6":3,"7":2,"8":2,"9":1,"10":1,"11":1},"f":{"0":3,"1":1},"b":{"0":[3,0],"1":[2,1]}}
,"/Users/shintaro/jhip-react/src/main/webapp/app/shared/reducers/authentication.ts": {"path":"/Users/shintaro/jhip-react/src/main/webapp/app/shared/reducers/authentication.ts","statementMap":{"0":{"start":{"line":1,"column":0},"end":{"line":1,"column":26}},"1":{"start":{"line":2,"column":0},"end":{"line":2,"column":41}},"2":{"start":{"line":4,"column":0},"end":{"line":4,"column":81}},"3":{"start":{"line":5,"column":0},"end":{"line":5,"column":55}},"4":{"start":{"line":7,"column":13},"end":{"line":13,"column":2}},"5":{"start":{"line":15,"column":23},"end":{"line":15,"column":48}},"6":{"start":{"line":17,"column":21},"end":{"line":29,"column":2}},"7":{"start":{"line":35,"column":0},"end":{"line":98,"column":2}},"8":{"start":{"line":35,"column":16},"end":{"line":35,"column":59}},"9":{"start":{"line":36,"column":2},"end":{"line":97,"column":null}},"10":{"start":{"line":39,"column":6},"end":{"line":41,"column":null}},"11":{"start":{"line":44,"column":6},"end":{"line":48,"column":null}},"12":{"start":{"line":51,"column":6},"end":{"line":57,"column":null}},"13":{"start":{"line":60,"column":6},"end":{"line":65,"column":null}},"14":{"start":{"line":68,"column":6},"end":{"line":70,"column":null}},"15":{"start":{"line":73,"column":30},"end":{"line":73,"column":100}},"16":{"start":{"line":74,"column":6},"end":{"line":79,"column":null}},"17":{"start":{"line":83,"column":6},"end":{"line":86,"column":null}},"18":{"start":{"line":89,"column":6},"end":{"line":93,"column":null}},"19":{"start":{"line":96,"column":6},"end":{"line":96,"column":19}},"20":{"start":{"line":100,"column":13},"end":{"line":100,"column":91}},"21":{"start":{"line":100,"column":43},"end":{"line":100,"column":91}},"22":{"start":{"line":102,"column":13},"end":{"line":113,"column":2}},"23":{"start":{"line":102,"column":32},"end":{"line":113,"column":2}},"24":{"start":{"line":102,"column":57},"end":{"line":113,"column":2}},"25":{"start":{"line":103,"column":2},"end":{"line":106,"column":5}},"26":{"start":{"line":108,"column":10},"end":{"line":108,"column":22}},"27":{"start":{"line":109,"column":6},"end":{"line":109,"column":13}},"28":{"start":{"line":110,"column":10},"end":{"line":110,"column":67}},"29":{"start":{"line":111,"column":4},"end":{"line":111,"column":39}},"30":{"start":{"line":115,"column":13},"end":{"line":130,"column":2}},"31":{"start":{"line":115,"column":42},"end":{"line":115,"column":65}},"32":{"start":{"line":115,"column":65},"end":{"line":130,"column":2}},"33":{"start":{"line":115,"column":90},"end":{"line":130,"column":2}},"34":{"start":{"line":116,"column":17},"end":{"line":119,"column":null}},"35":{"start":{"line":116,"column":8},"end":{"line":119,"column":null}},"36":{"start":{"line":120,"column":8},"end":{"line":120,"column":57}},"37":{"start":{"line":121,"column":2},"end":{"line":128,"column":null}},"38":{"start":{"line":122,"column":10},"end":{"line":122,"column":57}},"39":{"start":{"line":123,"column":4},"end":{"line":127,"column":null}},"40":{"start":{"line":124,"column":6},"end":{"line":124,"column":45}},"41":{"start":{"line":126,"column":6},"end":{"line":126,"column":47}},"42":{"start":{"line":129,"column":2},"end":{"line":129,"column":31}},"43":{"start":{"line":132,"column":13},"end":{"line":139,"column":2}},"44":{"start":{"line":133,"column":2},"end":{"line":135,"column":null}},"45":{"start":{"line":134,"column":4},"end":{"line":134,"column":41}},"46":{"start":{"line":136,"column":2},"end":{"line":138,"column":null}},"47":{"start":{"line":137,"column":4},"end":{"line":137,"column":43}},"48":{"start":{"line":141,"column":13},"end":{"line":146,"column":2}},"49":{"start":{"line":141,"column":28},"end":{"line":146,"column":2}},"50":{"start":{"line":142,"column":2},"end":{"line":142,"column":19}},"51":{"start":{"line":143,"column":2},"end":{"line":145,"column":5}},"52":{"start":{"line":148,"column":13},"end":{"line":154,"column":2}},"53":{"start":{"line":148,"column":49},"end":{"line":154,"column":2}},"54":{"start":{"line":149,"column":2},"end":{"line":149,"column":19}},"55":{"start":{"line":150,"column":2},"end":{"line":150,"column":41}},"56":{"start":{"line":151,"column":2},"end":{"line":153,"column":5}}},"fnMap":{"0":{"name":"(anonymous_0)","decl":{"start":{"line":35,"column":15},"end":{"line":35,"column":16}},"loc":{"start":{"line":35,"column":65},"end":{"line":98,"column":1}}},"1":{"name":"(anonymous_1)","decl":{"start":{"line":100,"column":32},"end":{"line":100,"column":39}},"loc":{"start":{"line":100,"column":39},"end":{"line":100,"column":44}}},"2":{"name":"(anonymous_2)","decl":{"start":{"line":102,"column":26},"end":{"line":102,"column":32}},"loc":{"start":{"line":102,"column":26},"end":{"line":102,"column":39}}},"3":{"name":"(anonymous_3)","decl":{"start":{"line":102,"column":32},"end":{"line":102,"column":39}},"loc":{"start":{"line":102,"column":57},"end":{"line":113,"column":2}}},"4":{"name":"(anonymous_4)","decl":{"start":{"line":102,"column":57},"end":{"line":102,"column":null}},"loc":{"start":{"line":102,"column":57},"end":{"line":113,"column":2}}},"5":{"name":"(anonymous_6)","decl":{"start":{"line":115,"column":21},"end":{"line":115,"column":22}},"loc":{"start":{"line":115,"column":60},"end":{"line":115,"column":72}}},"6":{"name":"(anonymous_7)","decl":{"start":{"line":115,"column":65},"end":{"line":115,"column":72}},"loc":{"start":{"line":115,"column":90},"end":{"line":130,"column":2}}},"7":{"name":"(anonymous_8)","decl":{"start":{"line":115,"column":90},"end":{"line":115,"column":null}},"loc":{"start":{"line":115,"column":90},"end":{"line":130,"column":2}}},"8":{"name":"(anonymous_10)","decl":{"start":{"line":132,"column":30},"end":{"line":132,"column":null}},"loc":{"start":{"line":132,"column":30},"end":{"line":139,"column":1}}},"9":{"name":"(anonymous_11)","decl":{"start":{"line":141,"column":22},"end":{"line":141,"column":28}},"loc":{"start":{"line":141,"column":22},"end":{"line":141,"column":36}}},"10":{"name":"(anonymous_12)","decl":{"start":{"line":141,"column":28},"end":{"line":141,"column":36}},"loc":{"start":{"line":141,"column":36},"end":{"line":146,"column":1}}},"11":{"name":"(anonymous_13)","decl":{"start":{"line":148,"column":35},"end":{"line":148,"column":45}},"loc":{"start":{"line":148,"column":45},"end":{"line":148,"column":50}}},"12":{"name":"(anonymous_14)","decl":{"start":{"line":148,"column":49},"end":{"line":148,"column":50}},"loc":{"start":{"line":148,"column":68},"end":{"line":154,"column":1}}}},"branchMap":{"0":{"loc":{"start":{"line":35,"column":16},"end":{"line":35,"column":59}},"type":"if","locations":[{"start":{"line":35,"column":16},"end":{"line":35,"column":59}},{"start":{"line":35,"column":16},"end":{"line":35,"column":59}}]},"1":{"loc":{"start":{"line":37,"column":4},"end":{"line":37,"column":37}},"type":"switch","locations":[{"start":{"line":37,"column":4},"end":{"line":37,"column":37}},{"start":{"line":38,"column":4},"end":{"line":41,"column":null}},{"start":{"line":43,"column":4},"end":{"line":48,"column":null}},{"start":{"line":50,"column":4},"end":{"line":57,"column":null}},{"start":{"line":59,"column":4},"end":{"line":65,"column":null}},{"start":{"line":67,"column":4},"end":{"line":70,"column":null}},{"start":{"line":72,"column":4},"end":{"line":81,"column":null}},{"start":{"line":82,"column":4},"end":{"line":86,"column":null}},{"start":{"line":88,"column":4},"end":{"line":93,"column":null}},{"start":{"line":95,"column":4},"end":{"line":96,"column":19}}]},"2":{"loc":{"start":{"line":73,"column":30},"end":{"line":73,"column":44}},"type":"binary-expr","locations":[{"start":{"line":73,"column":30},"end":{"line":73,"column":44}},{"start":{"line":73,"column":48},"end":{"line":73,"column":67}},{"start":{"line":73,"column":71},"end":{"line":73,"column":100}}]},"3":{"loc":{"start":{"line":103,"column":2},"end":{"line":106,"column":5}},"type":"switch","locations":[{"start":{"line":103,"column":2},"end":{"line":106,"column":5}}]},"4":{"loc":{"start":{"line":109,"column":6},"end":{"line":109,"column":13}},"type":"if","locations":[{"start":{"line":109,"column":6},"end":{"line":109,"column":13}},{"start":{"line":109,"column":6},"end":{"line":109,"column":13}}]},"5":{"loc":{"start":{"line":109,"column":6},"end":{"line":109,"column":13}},"type":"binary-expr","locations":[{"start":{"line":109,"column":6},"end":{"line":109,"column":13}},{"start":{"line":109,"column":17},"end":{"line":109,"column":32}}]},"6":{"loc":{"start":{"line":115,"column":42},"end":{"line":115,"column":65}},"type":"if","locations":[{"start":{"line":115,"column":42},"end":{"line":115,"column":65}},{"start":{"line":115,"column":42},"end":{"line":115,"column":65}}]},"7":{"loc":{"start":{"line":116,"column":17},"end":{"line":119,"column":null}},"type":"switch","locations":[{"start":{"line":116,"column":17},"end":{"line":119,"column":null}}]},"8":{"loc":{"start":{"line":121,"column":2},"end":{"line":128,"column":null}},"type":"if","locations":[{"start":{"line":121,"column":2},"end":{"line":128,"column":null}},{"start":{"line":121,"column":2},"end":{"line":128,"column":null}}]},"9":{"loc":{"start":{"line":121,"column":6},"end":{"line":121,"column":17}},"type":"binary-expr","locations":[{"start":{"line":121,"column":6},"end":{"line":121,"column":17}},{"start":{"line":121,"column":21},"end":{"line":121,"column":58}}]},"10":{"loc":{"start":{"line":123,"column":4},"end":{"line":127,"column":null}},"type":"if","locations":[{"start":{"line":123,"column":4},"end":{"line":127,"column":null}},{"start":{"line":123,"column":4},"end":{"line":127,"column":null}}]},"11":{"loc":{"start":{"line":133,"column":2},"end":{"line":135,"column":null}},"type":"if","locations":[{"start":{"line":133,"column":2},"end":{"line":135,"column":null}},{"start":{"line":133,"column":2},"end":{"line":135,"column":null}}]},"12":{"loc":{"start":{"line":136,"column":2},"end":{"line":138,"column":null}},"type":"if","locations":[{"start":{"line":136,"column":2},"end":{"line":138,"column":null}},{"start":{"line":136,"column":2},"end":{"line":138,"column":null}}]}},"s":{"0":4,"1":2,"2":2,"3":2,"4":2,"5":2,"6":2,"7":2,"8":22,"9":11,"10":2,"11":1,"12":1,"13":1,"14":1,"15":2,"16":2,"17":1,"18":1,"19":1,"20":2,"21":1,"22":2,"23":5,"24":5,"25":10,"26":5,"27":5,"28":5,"29":10,"30":2,"31":5,"32":3,"33":3,"34":3,"35":3,"36":3,"37":3,"38":2,"39":2,"40":1,"41":1,"42":6,"43":2,"44":4,"45":1,"46":4,"47":1,"48":2,"49":1,"50":1,"51":1,"52":2,"53":1,"54":1,"55":1,"56":1},"f":{"0":11,"1":1,"2":5,"3":5,"4":5,"5":3,"6":3,"7":3,"8":4,"9":1,"10":1,"11":1,"12":1},"b":{"0":[11,0],"1":[1,2,1,1,1,1,2,1,1,1],"2":[2,2,2],"3":[5],"4":[0,5],"5":[5,5],"6":[2,1],"7":[3],"8":[2,1],"9":[3,3],"10":[1,1],"11":[1,3],"12":[1,3]}}
,"/Users/shintaro/jhip-react/src/main/webapp/app/shared/reducers/locale.ts": {"path":"/Users/shintaro/jhip-react/src/main/webapp/app/shared/reducers/locale.ts","statementMap":{"0":{"start":{"line":1,"column":0},"end":{"line":1,"column":26}},"1":{"start":{"line":3,"column":0},"end":{"line":3,"column":60}},"2":{"start":{"line":5,"column":13},"end":{"line":7,"column":2}},"3":{"start":{"line":9,"column":21},"end":{"line":11,"column":2}},"4":{"start":{"line":15,"column":0},"end":{"line":28,"column":2}},"5":{"start":{"line":15,"column":16},"end":{"line":15,"column":51}},"6":{"start":{"line":16,"column":2},"end":{"line":27,"column":null}},"7":{"start":{"line":18,"column":28},"end":{"line":18,"column":41}},"8":{"start":{"line":19,"column":6},"end":{"line":21,"column":null}},"9":{"start":{"line":20,"column":8},"end":{"line":20,"column":51}},"10":{"start":{"line":22,"column":6},"end":{"line":24,"column":8}},"11":{"start":{"line":26,"column":6},"end":{"line":26,"column":19}},"12":{"start":{"line":30,"column":13},"end":{"line":39,"column":2}},"13":{"start":{"line":30,"column":35},"end":{"line":39,"column":2}},"14":{"start":{"line":30,"column":49},"end":{"line":39,"column":2}},"15":{"start":{"line":31,"column":6},"end":{"line":31,"column":7}},"16":{"start":{"line":32,"column":21},"end":{"line":32,"column":null}},"17":{"start":{"line":32,"column":10},"end":{"line":32,"column":null}},"18":{"start":{"line":33,"column":4},"end":{"line":33,"column":66}},"19":{"start":{"line":35,"column":2},"end":{"line":38,"column":5}}},"fnMap":{"0":{"name":"(anonymous_0)","decl":{"start":{"line":15,"column":15},"end":{"line":15,"column":16}},"loc":{"start":{"line":15,"column":57},"end":{"line":28,"column":1}}},"1":{"name":"(anonymous_1)","decl":{"start":{"line":30,"column":25},"end":{"line":30,"column":31}},"loc":{"start":{"line":30,"column":31},"end":{"line":30,"column":41}}},"2":{"name":"(anonymous_2)","decl":{"start":{"line":30,"column":35},"end":{"line":30,"column":41}},"loc":{"start":{"line":30,"column":49},"end":{"line":39,"column":2}}},"3":{"name":"(anonymous_3)","decl":{"start":{"line":30,"column":49},"end":{"line":30,"column":null}},"loc":{"start":{"line":30,"column":49},"end":{"line":39,"column":2}}}},"branchMap":{"0":{"loc":{"start":{"line":15,"column":16},"end":{"line":15,"column":51}},"type":"if","locations":[{"start":{"line":15,"column":16},"end":{"line":15,"column":51}},{"start":{"line":15,"column":16},"end":{"line":15,"column":51}}]},"1":{"loc":{"start":{"line":17,"column":4},"end":{"line":24,"column":8}},"type":"switch","locations":[{"start":{"line":17,"column":4},"end":{"line":24,"column":8}},{"start":{"line":25,"column":4},"end":{"line":26,"column":19}}]},"2":{"loc":{"start":{"line":19,"column":6},"end":{"line":21,"column":null}},"type":"if","locations":[{"start":{"line":19,"column":6},"end":{"line":21,"column":null}},{"start":{"line":19,"column":6},"end":{"line":21,"column":null}}]},"3":{"loc":{"start":{"line":31,"column":6},"end":{"line":31,"column":7}},"type":"if","locations":[{"start":{"line":31,"column":6},"end":{"line":31,"column":7}},{"start":{"line":31,"column":6},"end":{"line":31,"column":7}}]}},"s":{"0":10,"1":5,"2":5,"3":5,"4":5,"5":5,"6":3,"7":2,"8":2,"9":2,"10":2,"11":1,"12":5,"13":6,"14":6,"15":9,"16":3,"17":3,"18":3,"19":6},"f":{"0":3,"1":6,"2":6,"3":6},"b":{"0":[2,1],"1":[2,1],"2":[2,0],"3":[3,3]}}
,"/Users/shintaro/jhip-react/src/main/webapp/app/shared/util/entity-utils.ts": {"path":"/Users/shintaro/jhip-react/src/main/webapp/app/shared/util/entity-utils.ts","statementMap":{"0":{"start":{"line":1,"column":0},"end":{"line":1,"column":31}},"1":{"start":{"line":11,"column":13},"end":{"line":15,"column":2}},"2":{"start":{"line":12,"column":21},"end":{"line":12,"column":138}},"3":{"start":{"line":12,"column":53},"end":{"line":12,"column":138}},"4":{"start":{"line":14,"column":2},"end":{"line":14,"column":34}},"5":{"start":{"line":23,"column":13},"end":{"line":24,"column":95}},"6":{"start":{"line":24,"column":2},"end":{"line":24,"column":95}},"7":{"start":{"line":24,"column":35},"end":{"line":24,"column":51}},"8":{"start":{"line":24,"column":75},"end":{"line":24,"column":94}}},"fnMap":{"0":{"name":"(anonymous_0)","decl":{"start":{"line":11,"column":27},"end":{"line":11,"column":33}},"loc":{"start":{"line":11,"column":33},"end":{"line":15,"column":1}}},"1":{"name":"(anonymous_1)","decl":{"start":{"line":12,"column":48},"end":{"line":12,"column":49}},"loc":{"start":{"line":12,"column":49},"end":{"line":12,"column":54}}},"2":{"name":"(anonymous_2)","decl":{"start":{"line":23,"column":25},"end":{"line":23,"column":26}},"loc":{"start":{"line":23,"column":52},"end":{"line":24,"column":8}}},"3":{"name":"(anonymous_3)","decl":{"start":{"line":24,"column":16},"end":{"line":24,"column":17}},"loc":{"start":{"line":24,"column":30},"end":{"line":24,"column":43}}},"4":{"name":"(anonymous_4)","decl":{"start":{"line":24,"column":56},"end":{"line":24,"column":57}},"loc":{"start":{"line":24,"column":70},"end":{"line":24,"column":76}}}},"branchMap":{"0":{"loc":{"start":{"line":12,"column":53},"end":{"line":12,"column":83}},"type":"binary-expr","locations":[{"start":{"line":12,"column":53},"end":{"line":12,"column":83}},{"start":{"line":12,"column":88},"end":{"line":12,"column":110}},{"start":{"line":12,"column":114},"end":{"line":12,"column":136}}]}},"s":{"0":2,"1":2,"2":6,"3":9,"4":6,"5":2,"6":2,"7":4,"8":3},"f":{"0":6,"1":9,"2":2,"3":4,"4":3},"b":{"0":[9,4,3]}}
}
