TN:
SF:/Users/shintaro/jhip-react/src/main/webapp/app/config/axios-interceptor.ts
FN:10,(anonymous_0)
FN:11,(anonymous_1)
FN:18,(anonymous_2)
FN:19,(anonymous_3)
FNF:4
FNH:4
FNDA:1,(anonymous_0)
FNDA:1,(anonymous_1)
FNDA:1,(anonymous_2)
FNDA:1,(anonymous_3)
DA:1,1
DA:2,1
DA:4,1
DA:6,1
DA:7,1
DA:8,1
DA:10,1
DA:11,1
DA:12,1
DA:13,1
DA:14,0
DA:16,1
DA:18,1
DA:19,1
DA:20,1
DA:21,1
DA:22,1
DA:24,1
DA:26,1
DA:27,1
DA:30,1
LF:21
LH:20
BRDA:12,0,0,1
BRDA:12,0,1,1
BRDA:13,1,0,0
BRDA:13,1,1,1
BRDA:20,2,0,1
BRDA:20,2,1,1
BRDA:21,3,0,1
BRDA:21,3,1,0
BRDA:21,4,0,1
BRDA:21,4,1,0
BRF:10
BRH:7
end_of_record
TN:
SF:/Users/shintaro/jhip-react/src/main/webapp/app/config/constants.ts
FNF:0
FNH:0
DA:1,3
DA:5,3
DA:7,3
DA:9,3
DA:14,3
DA:18,3
DA:19,3
DA:20,3
DA:21,3
DA:22,3
DA:23,3
DA:24,3
LF:12
LH:12
BRF:0
BRH:0
end_of_record
TN:
SF:/Users/shintaro/jhip-react/src/main/webapp/app/config/notification-middleware.ts
FN:4,(anonymous_0)
FN:8,(anonymous_1)
FN:8,(anonymous_2)
FN:8,(anonymous_3)
FN:20,(anonymous_4)
FN:27,(anonymous_5)
FN:41,(anonymous_6)
FN:59,(anonymous_7)
FNF:8
FNH:8
FNDA:5,(anonymous_0)
FNDA:10,(anonymous_1)
FNDA:10,(anonymous_2)
FNDA:19,(anonymous_3)
FNDA:3,(anonymous_4)
FNDA:2,(anonymous_5)
FNDA:6,(anonymous_6)
FNDA:3,(anonymous_7)
DA:1,1
DA:2,1
DA:4,1
DA:5,5
DA:6,5
DA:8,10
DA:10,19
DA:11,10
DA:19,9
DA:21,3
DA:22,1
DA:23,2
DA:24,1
DA:25,1
DA:26,1
DA:27,2
DA:28,2
DA:29,1
DA:30,1
DA:31,1
DA:34,1
DA:35,1
DA:36,1
DA:39,3
DA:42,6
DA:43,1
DA:44,5
DA:45,5
DA:46,5
DA:47,5
DA:48,5
DA:49,5
DA:52,1
DA:53,1
DA:56,2
DA:57,2
DA:58,2
DA:59,3
DA:60,3
DA:61,1
DA:62,2
DA:63,1
DA:66,2
DA:67,1
DA:68,1
DA:69,1
DA:70,1
DA:71,1
DA:72,1
DA:73,1
DA:74,1
DA:77,1
DA:78,1
DA:79,1
DA:81,0
DA:82,0
DA:84,0
DA:86,2
DA:89,1
DA:90,1
DA:93,1
DA:94,1
DA:96,0
DA:100,0
DA:101,0
DA:103,0
DA:105,6
LF:67
LH:60
BRDA:5,0,0,4
BRDA:5,0,1,1
BRDA:10,1,0,10
BRDA:10,1,1,9
BRDA:21,2,0,1
BRDA:21,2,1,2
BRDA:21,3,0,3
BRDA:21,3,1,1
BRDA:23,4,0,1
BRDA:23,4,1,1
BRDA:23,5,0,2
BRDA:23,5,1,2
BRDA:23,5,2,2
BRDA:23,5,3,2
BRDA:28,6,0,1
BRDA:28,6,1,1
BRDA:30,7,0,1
BRDA:30,7,1,0
BRDA:34,8,0,1
BRDA:34,8,1,0
BRDA:42,9,0,1
BRDA:42,9,1,5
BRDA:42,10,0,6
BRDA:42,10,1,1
BRDA:44,11,0,5
BRDA:44,11,1,0
BRDA:44,12,0,5
BRDA:44,12,1,5
BRDA:47,13,0,5
BRDA:47,13,1,0
BRDA:47,14,0,5
BRDA:47,14,1,0
BRDA:47,14,2,0
BRDA:47,14,3,0
BRDA:47,14,4,0
BRDA:51,15,0,1
BRDA:51,15,1,2
BRDA:51,15,2,1
BRDA:51,15,3,1
BRDA:60,16,0,1
BRDA:60,16,1,2
BRDA:62,17,0,1
BRDA:62,17,1,1
BRDA:66,18,0,1
BRDA:66,18,1,1
BRDA:69,19,0,1
BRDA:69,19,1,0
BRDA:69,20,0,1
BRDA:69,20,1,1
BRDA:73,21,0,1
BRDA:73,21,1,0
BRDA:81,22,0,0
BRDA:81,22,1,0
BRDA:81,23,0,0
BRDA:81,23,1,0
BRDA:93,24,0,1
BRDA:93,24,1,0
BRDA:93,25,0,1
BRDA:93,25,1,1
BRDA:100,26,0,0
BRDA:100,26,1,0
BRDA:100,27,0,0
BRDA:100,27,1,0
BRF:63
BRH:44
end_of_record
TN:
SF:/Users/shintaro/jhip-react/src/main/webapp/app/config/translation.ts
FN:15,(anonymous_0)
FNF:1
FNH:0
FNDA:0,(anonymous_0)
DA:1,2
DA:3,2
DA:5,2
DA:6,2
DA:8,2
DA:13,2
DA:15,2
DA:16,0
LF:8
LH:7
BRF:0
BRH:0
end_of_record
TN:
SF:/Users/shintaro/jhip-react/src/main/webapp/app/entities/ingredients/ingredients.reducer.ts
FN:31,(anonymous_0)
FN:102,(anonymous_1)
FN:107,(anonymous_2)
FN:115,(anonymous_3)
FN:115,(anonymous_4)
FN:115,(anonymous_5)
FN:124,(anonymous_7)
FN:124,(anonymous_8)
FN:124,(anonymous_9)
FN:133,(anonymous_11)
FN:133,(anonymous_12)
FN:133,(anonymous_13)
FN:143,(anonymous_15)
FNF:13
FNH:13
FNDA:16,(anonymous_0)
FNDA:4,(anonymous_1)
FNDA:1,(anonymous_2)
FNDA:1,(anonymous_3)
FNDA:1,(anonymous_4)
FNDA:1,(anonymous_5)
FNDA:1,(anonymous_7)
FNDA:1,(anonymous_8)
FNDA:1,(anonymous_9)
FNDA:1,(anonymous_11)
FNDA:1,(anonymous_12)
FNDA:1,(anonymous_13)
FNDA:1,(anonymous_15)
DA:1,2
DA:4,1
DA:5,1
DA:7,1
DA:9,1
DA:18,1
DA:31,31
DA:32,16
DA:35,2
DA:44,3
DA:55,5
DA:63,1
DA:69,1
DA:76,1
DA:83,1
DA:90,1
DA:94,1
DA:98,1
DA:102,4
DA:107,1
DA:108,1
DA:109,1
DA:115,1
DA:116,1
DA:120,1
DA:121,1
DA:124,1
DA:125,1
DA:129,1
DA:130,1
DA:133,1
DA:134,1
DA:135,1
DA:139,1
DA:140,1
DA:143,1
LF:36
LH:36
BRDA:31,0,0,15
BRDA:31,0,1,1
BRDA:33,1,0,1
BRDA:33,1,1,2
BRDA:33,1,2,1
BRDA:33,1,3,2
BRDA:33,1,4,3
BRDA:33,1,5,1
BRDA:33,1,6,2
BRDA:33,1,7,3
BRDA:33,1,8,4
BRDA:33,1,9,5
BRDA:33,1,10,1
BRDA:33,1,11,1
BRDA:33,1,12,1
BRDA:33,1,13,1
BRDA:33,1,14,1
BRDA:33,1,15,1
BRDA:33,1,16,1
BRDA:116,2,0,1
BRDA:125,3,0,1
BRF:21
BRH:21
end_of_record
TN:
SF:/Users/shintaro/jhip-react/src/main/webapp/app/modules/account/activate/activate.reducer.ts
FN:18,(anonymous_0)
FN:44,(anonymous_1)
FN:49,(anonymous_2)
FNF:3
FNH:3
FNDA:6,(anonymous_0)
FNDA:1,(anonymous_1)
FNDA:1,(anonymous_2)
DA:1,1
DA:3,1
DA:5,1
DA:10,1
DA:18,10
DA:19,6
DA:21,1
DA:25,1
DA:30,1
DA:35,2
DA:39,1
DA:44,1
DA:49,1
LF:13
LH:13
BRDA:18,0,0,4
BRDA:18,0,1,2
BRDA:20,1,0,1
BRDA:20,1,1,1
BRDA:20,1,2,1
BRDA:20,1,3,2
BRDA:20,1,4,1
BRF:7
BRH:7
end_of_record
TN:
SF:/Users/shintaro/jhip-react/src/main/webapp/app/modules/account/password/password.reducer.ts
FN:21,(anonymous_0)
FN:56,(anonymous_1)
FN:65,(anonymous_2)
FNF:3
FNH:3
FNDA:5,(anonymous_0)
FNDA:1,(anonymous_1)
FNDA:1,(anonymous_2)
DA:1,1
DA:2,1
DA:4,1
DA:6,1
DA:11,1
DA:21,9
DA:22,5
DA:24,1
DA:31,1
DA:38,1
DA:45,1
DA:49,1
DA:54,1
DA:56,1
DA:65,1
LF:15
LH:15
BRDA:21,0,0,4
BRDA:21,0,1,1
BRDA:23,1,0,1
BRDA:23,1,1,1
BRDA:23,1,2,1
BRDA:23,1,3,1
BRDA:23,1,4,1
BRF:7
BRH:7
end_of_record
TN:
SF:/Users/shintaro/jhip-react/src/main/webapp/app/modules/account/register/register.reducer.ts
FN:21,(anonymous_0)
FN:49,(anonymous_1)
FN:57,(anonymous_2)
FNF:3
FNH:3
FNDA:5,(anonymous_0)
FNDA:1,(anonymous_1)
FNDA:1,(anonymous_2)
DA:1,1
DA:2,1
DA:4,1
DA:6,1
DA:11,1
DA:21,9
DA:22,5
DA:24,1
DA:29,1
DA:35,1
DA:40,1
DA:44,1
DA:49,2
DA:57,1
LF:14
LH:14
BRDA:21,0,0,4
BRDA:21,0,1,1
BRDA:23,1,0,1
BRDA:23,1,1,1
BRDA:23,1,2,1
BRDA:23,1,3,1
BRDA:23,1,4,1
BRDA:49,2,0,1
BRDA:49,2,1,0
BRF:9
BRH:8
end_of_record
TN:
SF:/Users/shintaro/jhip-react/src/main/webapp/app/modules/account/settings/settings.reducer.ts
FN:22,(anonymous_0)
FN:57,(anonymous_1)
FN:57,(anonymous_2)
FN:57,(anonymous_3)
FN:73,(anonymous_5)
FNF:5
FNH:5
FNDA:5,(anonymous_0)
FNDA:1,(anonymous_1)
FNDA:1,(anonymous_2)
FNDA:1,(anonymous_3)
FNDA:1,(anonymous_5)
DA:1,2
DA:2,1
DA:4,1
DA:5,1
DA:7,1
DA:12,1
DA:22,9
DA:23,5
DA:25,1
DA:32,1
DA:39,1
DA:46,1
DA:50,1
DA:55,1
DA:57,1
DA:58,2
DA:66,1
DA:67,0
DA:70,2
DA:73,1
LF:20
LH:19
BRDA:22,0,0,4
BRDA:22,0,1,1
BRDA:24,1,0,1
BRDA:24,1,1,1
BRDA:24,1,2,1
BRDA:24,1,3,1
BRDA:24,1,4,1
BRDA:58,2,0,1
BRDA:66,3,0,0
BRDA:66,3,1,1
BRF:10
BRH:9
end_of_record
TN:
SF:/Users/shintaro/jhip-react/src/main/webapp/app/modules/administration/administration.reducer.ts
FN:37,(anonymous_0)
FN:121,(anonymous_1)
FN:126,(anonymous_2)
FN:131,(anonymous_3)
FN:136,(anonymous_4)
FN:141,(anonymous_5)
FN:146,(anonymous_6)
FN:146,(anonymous_7)
FN:155,(anonymous_9)
FN:160,(anonymous_10)
FN:165,(anonymous_11)
FNF:11
FNH:11
FNDA:22,(anonymous_0)
FNDA:1,(anonymous_1)
FNDA:1,(anonymous_2)
FNDA:1,(anonymous_3)
FNDA:2,(anonymous_4)
FNDA:1,(anonymous_5)
FNDA:1,(anonymous_6)
FNDA:1,(anonymous_7)
FNDA:1,(anonymous_9)
FNDA:1,(anonymous_10)
FNDA:2,(anonymous_11)
DA:1,2
DA:3,1
DA:5,1
DA:16,1
DA:37,44
DA:38,22
DA:46,7
DA:58,7
DA:64,1
DA:70,1
DA:76,1
DA:84,1
DA:93,1
DA:102,1
DA:109,1
DA:115,1
DA:121,1
DA:126,1
DA:131,1
DA:136,2
DA:141,1
DA:142,1
DA:146,1
DA:147,2
DA:151,1
DA:155,1
DA:160,1
DA:165,1
DA:166,2
DA:167,2
DA:168,1
DA:170,2
DA:171,1
DA:173,2
LF:34
LH:34
BRDA:37,0,0,22
BRDA:37,0,1,0
BRDA:39,1,0,1
BRDA:39,1,1,2
BRDA:39,1,2,3
BRDA:39,1,3,4
BRDA:39,1,4,5
BRDA:39,1,5,6
BRDA:39,1,6,7
BRDA:39,1,7,1
BRDA:39,1,8,2
BRDA:39,1,9,3
BRDA:39,1,10,4
BRDA:39,1,11,5
BRDA:39,1,12,6
BRDA:39,1,13,7
BRDA:39,1,14,1
BRDA:39,1,15,1
BRDA:39,1,16,1
BRDA:39,1,17,1
BRDA:39,1,18,1
BRDA:39,1,19,1
BRDA:39,1,20,1
BRDA:39,1,21,1
BRDA:147,2,0,1
BRDA:166,3,0,1
BRDA:166,3,1,1
BRDA:167,4,0,1
BRDA:167,4,1,1
BRDA:170,5,0,1
BRDA:170,5,1,1
BRF:31
BRH:30
end_of_record
TN:
SF:/Users/shintaro/jhip-react/src/main/webapp/app/modules/administration/user-management/user-management.reducer.ts
FN:31,(anonymous_0)
FN:111,(anonymous_1)
FN:119,(anonymous_2)
FN:124,(anonymous_3)
FN:132,(anonymous_4)
FN:132,(anonymous_5)
FN:132,(anonymous_6)
FN:141,(anonymous_8)
FN:141,(anonymous_9)
FN:141,(anonymous_10)
FN:150,(anonymous_12)
FN:150,(anonymous_13)
FN:150,(anonymous_14)
FN:160,(anonymous_16)
FNF:14
FNH:14
FNDA:20,(anonymous_0)
FNDA:5,(anonymous_1)
FNDA:1,(anonymous_2)
FNDA:1,(anonymous_3)
FNDA:1,(anonymous_4)
FNDA:1,(anonymous_5)
FNDA:1,(anonymous_6)
FNDA:1,(anonymous_8)
FNDA:1,(anonymous_9)
FNDA:1,(anonymous_10)
FNDA:1,(anonymous_12)
FNDA:1,(anonymous_13)
FNDA:1,(anonymous_14)
FNDA:1,(anonymous_16)
DA:1,2
DA:4,1
DA:5,1
DA:7,1
DA:17,1
DA:31,39
DA:32,20
DA:34,1
DA:39,2
DA:48,3
DA:60,6
DA:68,1
DA:73,1
DA:80,1
DA:87,2
DA:94,1
DA:101,1
DA:105,1
DA:109,1
DA:111,1
DA:112,5
DA:113,5
DA:119,1
DA:124,1
DA:125,1
DA:126,1
DA:132,1
DA:133,1
DA:137,1
DA:138,1
DA:141,1
DA:142,1
DA:146,1
DA:147,1
DA:150,1
DA:151,1
DA:152,1
DA:156,1
DA:157,1
DA:160,1
LF:40
LH:40
BRDA:31,0,0,19
BRDA:31,0,1,1
BRDA:33,1,0,1
BRDA:33,1,1,1
BRDA:33,1,2,2
BRDA:33,1,3,1
BRDA:33,1,4,2
BRDA:33,1,5,3
BRDA:33,1,6,1
BRDA:33,1,7,2
BRDA:33,1,8,3
BRDA:33,1,9,4
BRDA:33,1,10,5
BRDA:33,1,11,6
BRDA:33,1,12,1
BRDA:33,1,13,1
BRDA:33,1,14,1
BRDA:33,1,15,1
BRDA:33,1,16,2
BRDA:33,1,17,1
BRDA:33,1,18,1
BRDA:33,1,19,1
BRDA:112,2,0,1
BRDA:112,2,1,4
BRDA:133,3,0,1
BRDA:142,4,0,1
BRF:26
BRH:26
end_of_record
TN:
SF:/Users/shintaro/jhip-react/src/main/webapp/app/shared/auth/private-route.tsx
FN:14,(anonymous_0)
FN:22,(anonymous_1)
FN:35,(anonymous_2)
FN:58,(anonymous_3)
FN:63,(anonymous_4)
FN:68,(anonymous_5)
FNF:6
FNH:5
FNDA:4,(anonymous_0)
FNDA:2,(anonymous_1)
FNDA:3,(anonymous_2)
FNDA:13,(anonymous_3)
FNDA:9,(anonymous_4)
FNDA:0,(anonymous_5)
DA:1,1
DA:2,1
DA:3,1
DA:4,1
DA:6,1
DA:14,1
DA:15,4
DA:16,4
DA:17,4
DA:18,4
DA:19,8
DA:20,4
DA:22,4
DA:23,2
DA:35,4
DA:36,3
DA:37,0
DA:39,3
DA:53,4
DA:55,3
DA:58,1
DA:59,13
DA:60,9
DA:61,1
DA:63,9
DA:65,4
DA:68,1
DA:69,0
DA:70,0
DA:71,0
DA:84,1
DA:91,1
LF:32
LH:28
BRDA:19,0,0,4
BRDA:19,0,1,0
BRDA:24,1,0,1
BRDA:24,1,1,1
BRDA:36,2,0,0
BRDA:36,2,1,3
BRDA:40,3,0,2
BRDA:40,3,1,1
BRDA:53,4,0,1
BRDA:53,4,1,3
BRDA:59,5,0,9
BRDA:59,5,1,4
BRDA:59,6,0,13
BRDA:59,6,1,11
BRDA:60,7,0,1
BRDA:60,7,1,8
BRDA:70,8,0,0
BRDA:70,8,1,0
BRF:18
BRH:14
end_of_record
TN:
SF:/Users/shintaro/jhip-react/src/main/webapp/app/shared/error/error-boundary-route.tsx
FN:5,(anonymous_0)
FN:6,(anonymous_1)
FNF:2
FNH:2
FNDA:2,(anonymous_0)
FNDA:1,(anonymous_1)
DA:1,1
DA:2,1
DA:3,1
DA:5,2
DA:6,2
DA:12,2
DA:14,1
DA:17,1
LF:8
LH:8
BRDA:12,0,0,1
BRDA:12,0,1,1
BRF:2
BRH:2
end_of_record
TN:
SF:/Users/shintaro/jhip-react/src/main/webapp/app/shared/error/error-boundary.tsx
FN:12,(anonymous_0)
FN:15,(anonymous_2)
FN:22,(anonymous_3)
FNF:3
FNH:3
FNDA:6,(anonymous_0)
FNDA:2,(anonymous_2)
FNDA:5,(anonymous_3)
DA:1,3
DA:12,3
DA:13,3
DA:15,3
DA:16,2
DA:22,3
DA:23,5
DA:24,5
DA:26,2
DA:35,2
DA:42,3
DA:44,3
DA:46,3
LF:13
LH:13
BRDA:12,0,0,3
BRDA:12,0,1,3
BRDA:12,0,2,3
BRDA:24,1,0,2
BRDA:24,1,1,3
BRDA:27,2,0,0
BRDA:27,2,1,2
BRDA:28,3,0,0
BRDA:28,3,1,0
BRF:9
BRH:6
end_of_record
TN:
SF:/Users/shintaro/jhip-react/src/main/webapp/app/shared/layout/header/header-components.tsx
FN:10,(anonymous_0)
FN:22,(anonymous_1)
FN:28,(anonymous_2)
FN:38,(anonymous_3)
FNF:4
FNH:0
FNDA:0,(anonymous_0)
FNDA:0,(anonymous_1)
FNDA:0,(anonymous_2)
FNDA:0,(anonymous_3)
DA:1,2
DA:2,2
DA:4,2
DA:5,2
DA:6,2
DA:8,2
DA:10,2
DA:22,2
DA:28,2
DA:38,2
LF:10
LH:10
BRF:0
BRH:0
end_of_record
TN:
SF:/Users/shintaro/jhip-react/src/main/webapp/app/shared/layout/header/header.tsx
FN:28,(anonymous_0)
FN:33,(anonymous_2)
FN:39,(anonymous_3)
FN:48,(anonymous_4)
FN:52,(anonymous_5)
FNF:5
FNH:3
FNDA:5,(anonymous_0)
FNDA:0,(anonymous_2)
FNDA:4,(anonymous_3)
FNDA:0,(anonymous_4)
FNDA:4,(anonymous_5)
DA:1,1
DA:3,1
DA:4,1
DA:5,1
DA:9,1
DA:11,1
DA:12,1
DA:28,4
DA:29,4
DA:33,4
DA:34,0
DA:35,0
DA:36,0
DA:39,4
DA:40,4
DA:48,4
DA:49,0
DA:52,1
DA:53,4
DA:57,4
DA:77,1
LF:21
LH:17
BRDA:28,0,0,4
BRDA:28,0,1,4
BRDA:28,0,2,4
BRDA:41,1,0,1
BRDA:41,1,1,3
BRDA:67,2,0,4
BRDA:67,2,1,3
BRDA:68,3,0,4
BRDA:68,3,1,3
BRDA:68,3,2,2
BRF:10
BRH:10
end_of_record
TN:
SF:/Users/shintaro/jhip-react/src/main/webapp/app/shared/layout/header/menus/account.tsx
FN:33,(anonymous_0)
FNF:1
FNH:1
FNDA:2,(anonymous_0)
DA:1,2
DA:2,2
DA:3,2
DA:4,2
DA:5,2
DA:6,2
DA:9,2
DA:23,2
DA:33,4
DA:39,2
LF:10
LH:10
BRDA:33,0,0,1
BRDA:33,0,1,1
BRDA:35,1,0,1
BRDA:35,1,1,1
BRF:4
BRH:4
end_of_record
TN:
SF:/Users/shintaro/jhip-react/src/main/webapp/app/shared/layout/header/menus/admin.tsx
FN:44,(anonymous_0)
FNF:1
FNH:0
FNDA:0,(anonymous_0)
DA:1,2
DA:2,2
DA:3,2
DA:4,2
DA:5,2
DA:6,2
DA:9,2
DA:33,2
DA:39,2
DA:44,2
DA:53,2
LF:11
LH:11
BRDA:47,0,0,0
BRDA:47,0,1,0
BRDA:49,1,0,0
BRDA:49,1,1,0
BRF:4
BRH:0
end_of_record
TN:
SF:/Users/shintaro/jhip-react/src/main/webapp/app/shared/layout/header/menus/entities.tsx
FN:8,(anonymous_0)
FNF:1
FNH:0
FNDA:0,(anonymous_0)
DA:1,2
DA:2,2
DA:3,2
DA:4,2
DA:5,2
DA:6,2
DA:8,2
LF:7
LH:7
BRF:0
BRH:0
end_of_record
TN:
SF:/Users/shintaro/jhip-react/src/main/webapp/app/shared/layout/header/menus/index.ts
FNF:0
FNH:0
DA:1,2
DA:2,2
DA:3,2
DA:4,2
LF:4
LH:4
BRF:0
BRH:0
end_of_record
TN:
SF:/Users/shintaro/jhip-react/src/main/webapp/app/shared/layout/header/menus/locale.tsx
FN:6,(anonymous_0)
FN:9,(anonymous_1)
FNF:2
FNH:0
FNDA:0,(anonymous_0)
FNDA:0,(anonymous_1)
DA:1,2
DA:2,2
DA:3,2
DA:4,2
DA:6,2
DA:7,0
DA:9,0
LF:7
LH:5
BRDA:7,0,0,0
BRDA:7,0,1,0
BRDA:8,1,0,0
BRDA:8,1,1,0
BRF:4
BRH:0
end_of_record
TN:
SF:/Users/shintaro/jhip-react/src/main/webapp/app/shared/model/ingredients.model.ts
FN:1,(anonymous_0)
FNF:1
FNH:1
FNDA:1,(anonymous_0)
DA:1,1
DA:2,1
DA:3,1
DA:20,1
LF:4
LH:4
BRDA:1,0,0,1
BRDA:1,0,1,1
BRF:2
BRH:2
end_of_record
TN:
SF:/Users/shintaro/jhip-react/src/main/webapp/app/shared/model/user.model.ts
FNF:0
FNH:0
DA:17,1
LF:1
LH:1
BRF:0
BRH:0
end_of_record
TN:
SF:/Users/shintaro/jhip-react/src/main/webapp/app/shared/reducers/action-type.util.ts
FN:5,(anonymous_0)
FN:11,(anonymous_1)
FN:17,(anonymous_2)
FNF:3
FNH:3
FNDA:411,(anonymous_0)
FNDA:180,(anonymous_1)
FNDA:256,(anonymous_2)
DA:5,411
DA:11,180
DA:17,256
LF:3
LH:3
BRF:0
BRH:0
end_of_record
TN:
SF:/Users/shintaro/jhip-react/src/main/webapp/app/shared/reducers/application-profile.ts
FN:17,(anonymous_0)
FN:32,(anonymous_1)
FNF:2
FNH:2
FNDA:3,(anonymous_0)
FNDA:1,(anonymous_1)
DA:1,1
DA:3,1
DA:5,1
DA:9,1
DA:17,6
DA:18,3
DA:20,2
DA:21,2
DA:28,1
DA:32,1
LF:10
LH:10
BRDA:17,0,0,3
BRDA:17,0,1,0
BRDA:19,1,0,2
BRDA:19,1,1,1
BRF:4
BRH:3
end_of_record
TN:
SF:/Users/shintaro/jhip-react/src/main/webapp/app/shared/reducers/authentication.ts
FN:35,(anonymous_0)
FN:100,(anonymous_1)
FN:102,(anonymous_2)
FN:102,(anonymous_3)
FN:102,(anonymous_4)
FN:115,(anonymous_6)
FN:115,(anonymous_7)
FN:115,(anonymous_8)
FN:132,(anonymous_10)
FN:141,(anonymous_11)
FN:141,(anonymous_12)
FN:148,(anonymous_13)
FN:148,(anonymous_14)
FNF:13
FNH:13
FNDA:11,(anonymous_0)
FNDA:1,(anonymous_1)
FNDA:5,(anonymous_2)
FNDA:5,(anonymous_3)
FNDA:5,(anonymous_4)
FNDA:3,(anonymous_6)
FNDA:3,(anonymous_7)
FNDA:3,(anonymous_8)
FNDA:4,(anonymous_10)
FNDA:1,(anonymous_11)
FNDA:1,(anonymous_12)
FNDA:1,(anonymous_13)
FNDA:1,(anonymous_14)
DA:1,4
DA:2,2
DA:4,2
DA:5,2
DA:7,2
DA:15,2
DA:17,2
DA:35,22
DA:36,11
DA:39,2
DA:44,1
DA:51,1
DA:60,1
DA:68,1
DA:73,2
DA:74,2
DA:83,1
DA:89,1
DA:96,1
DA:100,2
DA:102,5
DA:103,10
DA:108,5
DA:109,5
DA:110,5
DA:111,10
DA:115,5
DA:116,3
DA:120,3
DA:121,3
DA:122,2
DA:123,2
DA:124,1
DA:126,1
DA:129,6
DA:132,2
DA:133,4
DA:134,1
DA:136,4
DA:137,1
DA:141,2
DA:142,1
DA:143,1
DA:148,2
DA:149,1
DA:150,1
DA:151,1
LF:47
LH:47
BRDA:35,0,0,11
BRDA:35,0,1,0
BRDA:37,1,0,1
BRDA:37,1,1,2
BRDA:37,1,2,1
BRDA:37,1,3,1
BRDA:37,1,4,1
BRDA:37,1,5,1
BRDA:37,1,6,2
BRDA:37,1,7,1
BRDA:37,1,8,1
BRDA:37,1,9,1
BRDA:73,2,0,2
BRDA:73,2,1,2
BRDA:73,2,2,2
BRDA:103,3,0,5
BRDA:109,4,0,0
BRDA:109,4,1,5
BRDA:109,5,0,5
BRDA:109,5,1,5
BRDA:115,6,0,2
BRDA:115,6,1,1
BRDA:116,7,0,3
BRDA:121,8,0,2
BRDA:121,8,1,1
BRDA:121,9,0,3
BRDA:121,9,1,3
BRDA:123,10,0,1
BRDA:123,10,1,1
BRDA:133,11,0,1
BRDA:133,11,1,3
BRDA:136,12,0,1
BRDA:136,12,1,3
BRF:33
BRH:31
end_of_record
TN:
SF:/Users/shintaro/jhip-react/src/main/webapp/app/shared/reducers/locale.ts
FN:15,(anonymous_0)
FN:30,(anonymous_1)
FN:30,(anonymous_2)
FN:30,(anonymous_3)
FNF:4
FNH:4
FNDA:3,(anonymous_0)
FNDA:6,(anonymous_1)
FNDA:6,(anonymous_2)
FNDA:6,(anonymous_3)
DA:1,10
DA:3,5
DA:5,5
DA:9,5
DA:15,5
DA:16,3
DA:18,2
DA:19,2
DA:20,2
DA:22,2
DA:26,1
DA:30,6
DA:31,9
DA:32,3
DA:33,3
DA:35,6
LF:16
LH:16
BRDA:15,0,0,2
BRDA:15,0,1,1
BRDA:17,1,0,2
BRDA:17,1,1,1
BRDA:19,2,0,2
BRDA:19,2,1,0
BRDA:31,3,0,3
BRDA:31,3,1,3
BRF:8
BRH:7
end_of_record
TN:
SF:/Users/shintaro/jhip-react/src/main/webapp/app/shared/util/entity-utils.ts
FN:11,(anonymous_0)
FN:12,(anonymous_1)
FN:23,(anonymous_2)
FN:24,(anonymous_3)
FN:24,(anonymous_4)
FNF:5
FNH:5
FNDA:6,(anonymous_0)
FNDA:9,(anonymous_1)
FNDA:2,(anonymous_2)
FNDA:4,(anonymous_3)
FNDA:3,(anonymous_4)
DA:1,2
DA:11,2
DA:12,9
DA:14,6
DA:23,2
DA:24,4
LF:6
LH:6
BRDA:12,0,0,9
BRDA:12,0,1,4
BRDA:12,0,2,3
BRF:3
BRH:3
end_of_record
